[0.062s] Invoking command in '/home/ubuntu/environment/HelloWorld/simulation_ws/build/hello_world_simulation': /usr/bin/cmake /home/ubuntu/environment/HelloWorld/simulation_ws/src/hello_world_simulation -DCATKIN_INSTALL_INTO_PREFIX_ROOT=0 -DCMAKE_INSTALL_PREFIX=/home/ubuntu/environment/HelloWorld/simulation_ws/install/hello_world_simulation
[0.177s] -- The C compiler identification is GNU 7.5.0
[0.293s] -- The CXX compiler identification is GNU 7.5.0
[0.303s] -- Check for working C compiler: /usr/bin/cc
[0.432s] -- Check for working C compiler: /usr/bin/cc -- works
[0.433s] -- Detecting C compiler ABI info
[0.560s] -- Detecting C compiler ABI info - done
[0.580s] -- Detecting C compile features
[0.930s] -- Detecting C compile features - done
[0.937s] -- Check for working CXX compiler: /usr/bin/c++
[1.082s] -- Check for working CXX compiler: /usr/bin/c++ -- works
[1.083s] -- Detecting CXX compiler ABI info
[1.230s] -- Detecting CXX compiler ABI info - done
[1.244s] -- Detecting CXX compile features
[1.868s] -- Detecting CXX compile features - done
[1.873s] -- Using CATKIN_DEVEL_PREFIX: /home/ubuntu/environment/HelloWorld/simulation_ws/build/hello_world_simulation/devel
[1.873s] -- Using CMAKE_PREFIX_PATH: /opt/ros/melodic
[1.874s] -- This workspace overlays: /opt/ros/melodic
[1.901s] -- Found PythonInterp: /usr/bin/python2 (found suitable version "2.7.17", minimum required is "2") 
[1.901s] -- Using PYTHON_EXECUTABLE: /usr/bin/python2
[1.903s] -- Using Debian Python package layout
[1.903s] -- Using empy: /usr/bin/empy
[2.194s] -- Using CATKIN_ENABLE_TESTING: ON
[2.195s] -- Call enable_testing()
[2.202s] -- Using CATKIN_TEST_RESULTS_DIR: /home/ubuntu/environment/HelloWorld/simulation_ws/build/hello_world_simulation/test_results
[2.231s] -- Found gtest sources under '/usr/src/googletest': gtests will be built
[2.232s] -- Found gmock sources under '/usr/src/googletest': gmock will be built
[2.256s] -- Found PythonInterp: /usr/bin/python2 (found version "2.7.17") 
[2.259s] -- Looking for pthread.h
[2.387s] -- Looking for pthread.h - found
[2.387s] -- Looking for pthread_create
[2.506s] -- Looking for pthread_create - not found
[2.507s] -- Looking for pthread_create in pthreads
[2.605s] -- Looking for pthread_create in pthreads - not found
[2.606s] -- Looking for pthread_create in pthread
[2.726s] -- Looking for pthread_create in pthread - found
[2.728s] -- Found Threads: TRUE  
[2.736s] -- Using Python nosetests: /usr/bin/nosetests-2.7
[2.818s] -- catkin 0.7.29
[2.818s] -- BUILD_SHARED_LIBS is on
[3.226s] -- Using these message generators: gencpp;geneus;genlisp;gennodejs;genpy
[3.803s] -- Configuring done
[3.862s] -- Generating done
[3.880s] -- Build files have been written to: /home/ubuntu/environment/HelloWorld/simulation_ws/build/hello_world_simulation
[3.888s] Invoked command in '/home/ubuntu/environment/HelloWorld/simulation_ws/build/hello_world_simulation' returned '0': /usr/bin/cmake /home/ubuntu/environment/HelloWorld/simulation_ws/src/hello_world_simulation -DCATKIN_INSTALL_INTO_PREFIX_ROOT=0 -DCMAKE_INSTALL_PREFIX=/home/ubuntu/environment/HelloWorld/simulation_ws/install/hello_world_simulation
[3.893s] Invoking command in '/home/ubuntu/environment/HelloWorld/simulation_ws/build/hello_world_simulation': /usr/bin/cmake --build /home/ubuntu/environment/HelloWorld/simulation_ws/build/hello_world_simulation -- -j2 -l2
[3.969s] [35m[1mScanning dependencies of target hello_world_simulation_xacro_generated_to_devel_space_[0m
[3.988s] Built target hello_world_simulation_xacro_generated_to_devel_space_
[4.007s] Invoked command in '/home/ubuntu/environment/HelloWorld/simulation_ws/build/hello_world_simulation' returned '0': /usr/bin/cmake --build /home/ubuntu/environment/HelloWorld/simulation_ws/build/hello_world_simulation -- -j2 -l2
[4.132s] Invoking command in '/home/ubuntu/environment/HelloWorld/simulation_ws/build/hello_world_simulation': /usr/bin/cmake --build /home/ubuntu/environment/HelloWorld/simulation_ws/build/hello_world_simulation --target tests -- -j2 -l2
[4.234s] [35m[1mScanning dependencies of target tests[0m
[4.255s] Built target tests
[4.281s] Invoked command in '/home/ubuntu/environment/HelloWorld/simulation_ws/build/hello_world_simulation' returned '0': /usr/bin/cmake --build /home/ubuntu/environment/HelloWorld/simulation_ws/build/hello_world_simulation --target tests -- -j2 -l2
[4.405s] Invoking command in '/home/ubuntu/environment/HelloWorld/simulation_ws/build/hello_world_simulation': /usr/bin/cmake --build /home/ubuntu/environment/HelloWorld/simulation_ws/build/hello_world_simulation --target install -- -j2 -l2
[4.528s] Built target hello_world_simulation_xacro_generated_to_devel_space_
[4.572s] [36mInstall the project...[0m
[4.585s] -- Install configuration: ""
[4.586s] -- Installing: /home/ubuntu/environment/HelloWorld/simulation_ws/install/hello_world_simulation/lib/pkgconfig/hello_world_simulation.pc
[4.586s] -- Installing: /home/ubuntu/environment/HelloWorld/simulation_ws/install/hello_world_simulation/share/hello_world_simulation/cmake/hello_world_simulationConfig.cmake
[4.587s] -- Installing: /home/ubuntu/environment/HelloWorld/simulation_ws/install/hello_world_simulation/share/hello_world_simulation/cmake/hello_world_simulationConfig-version.cmake
[4.587s] -- Installing: /home/ubuntu/environment/HelloWorld/simulation_ws/install/hello_world_simulation/share/hello_world_simulation/package.xml
[4.587s] -- Installing: /home/ubuntu/environment/HelloWorld/simulation_ws/install/hello_world_simulation/share/hello_world_simulation/launch
[4.588s] -- Installing: /home/ubuntu/environment/HelloWorld/simulation_ws/install/hello_world_simulation/share/hello_world_simulation/launch/view_empty_world.launch
[4.588s] -- Installing: /home/ubuntu/environment/HelloWorld/simulation_ws/install/hello_world_simulation/share/hello_world_simulation/launch/empty_world.launch
[4.588s] -- Installing: /home/ubuntu/environment/HelloWorld/simulation_ws/install/hello_world_simulation/share/hello_world_simulation/launch/worldforge_world.launch
[4.588s] -- Installing: /home/ubuntu/environment/HelloWorld/simulation_ws/install/hello_world_simulation/share/hello_world_simulation/worlds
[4.589s] -- Installing: /home/ubuntu/environment/HelloWorld/simulation_ws/install/hello_world_simulation/share/hello_world_simulation/worlds/empty.world
[4.589s] -- Installing: /home/ubuntu/environment/HelloWorld/simulation_ws/install/hello_world_simulation/share/hello_world_simulation/rviz/turtlebot3_model.rviz
[4.594s] Invoked command in '/home/ubuntu/environment/HelloWorld/simulation_ws/build/hello_world_simulation' returned '0': /usr/bin/cmake --build /home/ubuntu/environment/HelloWorld/simulation_ws/build/hello_world_simulation --target install -- -j2 -l2
