[0.065s] Invoking command in '/home/ubuntu/environment/HelloWorld/simulation_ws/build/hello_world_simulation': /usr/bin/cmake --build /home/ubuntu/environment/HelloWorld/simulation_ws/build/hello_world_simulation -- -j2 -l2
[0.191s] Built target hello_world_simulation_xacro_generated_to_devel_space_
[0.217s] Invoked command in '/home/ubuntu/environment/HelloWorld/simulation_ws/build/hello_world_simulation' returned '0': /usr/bin/cmake --build /home/ubuntu/environment/HelloWorld/simulation_ws/build/hello_world_simulation -- -j2 -l2
[0.347s] Invoking command in '/home/ubuntu/environment/HelloWorld/simulation_ws/build/hello_world_simulation': /usr/bin/cmake --build /home/ubuntu/environment/HelloWorld/simulation_ws/build/hello_world_simulation --target tests -- -j2 -l2
[0.469s] Built target tests
[0.491s] Invoked command in '/home/ubuntu/environment/HelloWorld/simulation_ws/build/hello_world_simulation' returned '0': /usr/bin/cmake --build /home/ubuntu/environment/HelloWorld/simulation_ws/build/hello_world_simulation --target tests -- -j2 -l2
[0.622s] Invoking command in '/home/ubuntu/environment/HelloWorld/simulation_ws/build/hello_world_simulation': /usr/bin/cmake --build /home/ubuntu/environment/HelloWorld/simulation_ws/build/hello_world_simulation --target install -- -j2 -l2
[0.711s] Built target hello_world_simulation_xacro_generated_to_devel_space_
[0.747s] [36mInstall the project...[0m
[0.762s] -- Install configuration: ""
[0.764s] -- Up-to-date: /home/ubuntu/environment/HelloWorld/simulation_ws/install/hello_world_simulation/lib/pkgconfig/hello_world_simulation.pc
[0.766s] -- Up-to-date: /home/ubuntu/environment/HelloWorld/simulation_ws/install/hello_world_simulation/share/hello_world_simulation/cmake/hello_world_simulationConfig.cmake
[0.767s] -- Up-to-date: /home/ubuntu/environment/HelloWorld/simulation_ws/install/hello_world_simulation/share/hello_world_simulation/cmake/hello_world_simulationConfig-version.cmake
[0.768s] -- Up-to-date: /home/ubuntu/environment/HelloWorld/simulation_ws/install/hello_world_simulation/share/hello_world_simulation/package.xml
[0.768s] -- Up-to-date: /home/ubuntu/environment/HelloWorld/simulation_ws/install/hello_world_simulation/share/hello_world_simulation/launch
[0.769s] -- Up-to-date: /home/ubuntu/environment/HelloWorld/simulation_ws/install/hello_world_simulation/share/hello_world_simulation/launch/view_empty_world.launch
[0.769s] -- Up-to-date: /home/ubuntu/environment/HelloWorld/simulation_ws/install/hello_world_simulation/share/hello_world_simulation/launch/empty_world.launch
[0.770s] -- Installing: /home/ubuntu/environment/HelloWorld/simulation_ws/install/hello_world_simulation/share/hello_world_simulation/launch/worldforge_world.launch
[0.771s] -- Up-to-date: /home/ubuntu/environment/HelloWorld/simulation_ws/install/hello_world_simulation/share/hello_world_simulation/worlds
[0.772s] -- Up-to-date: /home/ubuntu/environment/HelloWorld/simulation_ws/install/hello_world_simulation/share/hello_world_simulation/worlds/empty.world
[0.773s] -- Up-to-date: /home/ubuntu/environment/HelloWorld/simulation_ws/install/hello_world_simulation/share/hello_world_simulation/rviz/turtlebot3_model.rviz
[0.782s] Invoked command in '/home/ubuntu/environment/HelloWorld/simulation_ws/build/hello_world_simulation' returned '0': /usr/bin/cmake --build /home/ubuntu/environment/HelloWorld/simulation_ws/build/hello_world_simulation --target install -- -j2 -l2
