Determining if the pthread_create exist failed with the following output:
Change Dir: /home/ubuntu/environment/HelloWorld/simulation_ws/build/turtlebot3_description_reduced_mesh/CMakeFiles/CMakeTmp

Run Build Command:"/usr/bin/make" "cmTC_2d82f/fast"
/usr/bin/make -f CMakeFiles/cmTC_2d82f.dir/build.make CMakeFiles/cmTC_2d82f.dir/build
make[1]: Entering directory '/home/ubuntu/environment/HelloWorld/simulation_ws/build/turtlebot3_description_reduced_mesh/CMakeFiles/CMakeTmp'
Building C object CMakeFiles/cmTC_2d82f.dir/CheckSymbolExists.c.o
/usr/bin/cc    -o CMakeFiles/cmTC_2d82f.dir/CheckSymbolExists.c.o   -c /home/ubuntu/environment/HelloWorld/simulation_ws/build/turtlebot3_description_reduced_mesh/CMakeFiles/CMakeTmp/CheckSymbolExists.c
Linking C executable cmTC_2d82f
/usr/bin/cmake -E cmake_link_script CMakeFiles/cmTC_2d82f.dir/link.txt --verbose=1
/usr/bin/cc      -rdynamic CMakeFiles/cmTC_2d82f.dir/CheckSymbolExists.c.o  -o cmTC_2d82f 
CMakeFiles/cmTC_2d82f.dir/CheckSymbolExists.c.o: In function `main':
CheckSymbolExists.c:(.text+0x1b): undefined reference to `pthread_create'
collect2: error: ld returned 1 exit status
CMakeFiles/cmTC_2d82f.dir/build.make:97: recipe for target 'cmTC_2d82f' failed
make[1]: *** [cmTC_2d82f] Error 1
make[1]: Leaving directory '/home/ubuntu/environment/HelloWorld/simulation_ws/build/turtlebot3_description_reduced_mesh/CMakeFiles/CMakeTmp'
Makefile:126: recipe for target 'cmTC_2d82f/fast' failed
make: *** [cmTC_2d82f/fast] Error 2

File /home/ubuntu/environment/HelloWorld/simulation_ws/build/turtlebot3_description_reduced_mesh/CMakeFiles/CMakeTmp/CheckSymbolExists.c:
/* */
#include <pthread.h>

int main(int argc, char** argv)
{
  (void)argv;
#ifndef pthread_create
  return ((int*)(&pthread_create))[argc];
#else
  (void)argc;
  return 0;
#endif
}

Determining if the function pthread_create exists in the pthreads failed with the following output:
Change Dir: /home/ubuntu/environment/HelloWorld/simulation_ws/build/turtlebot3_description_reduced_mesh/CMakeFiles/CMakeTmp

Run Build Command:"/usr/bin/make" "cmTC_70c02/fast"
/usr/bin/make -f CMakeFiles/cmTC_70c02.dir/build.make CMakeFiles/cmTC_70c02.dir/build
make[1]: Entering directory '/home/ubuntu/environment/HelloWorld/simulation_ws/build/turtlebot3_description_reduced_mesh/CMakeFiles/CMakeTmp'
Building C object CMakeFiles/cmTC_70c02.dir/CheckFunctionExists.c.o
/usr/bin/cc   -DCHECK_FUNCTION_EXISTS=pthread_create   -o CMakeFiles/cmTC_70c02.dir/CheckFunctionExists.c.o   -c /usr/share/cmake-3.10/Modules/CheckFunctionExists.c
Linking C executable cmTC_70c02
/usr/bin/cmake -E cmake_link_script CMakeFiles/cmTC_70c02.dir/link.txt --verbose=1
/usr/bin/cc  -DCHECK_FUNCTION_EXISTS=pthread_create    -rdynamic CMakeFiles/cmTC_70c02.dir/CheckFunctionExists.c.o  -o cmTC_70c02 -lpthreads 
/usr/bin/ld: cannot find -lpthreads
collect2: error: ld returned 1 exit status
CMakeFiles/cmTC_70c02.dir/build.make:97: recipe for target 'cmTC_70c02' failed
make[1]: *** [cmTC_70c02] Error 1
make[1]: Leaving directory '/home/ubuntu/environment/HelloWorld/simulation_ws/build/turtlebot3_description_reduced_mesh/CMakeFiles/CMakeTmp'
Makefile:126: recipe for target 'cmTC_70c02/fast' failed
make: *** [cmTC_70c02/fast] Error 2


