[1.161s] DEBUG:colcon:Command line arguments: ['/usr/local/bin/colcon', 'build']
[1.162s] DEBUG:colcon:Parsed command line arguments: Namespace(ament_cmake_args=None, base_paths=['.'], build_base='build', catkin_cmake_args=None, catkin_skip_building_tests=False, cmake_args=None, cmake_clean_cache=False, cmake_clean_first=False, cmake_force_configure=False, cmake_target=None, cmake_target_skip_unavailable=False, continue_on_error=False, event_handlers=None, executor='parallel', ignore_user_meta=False, install_base='install', log_base=None, log_level=None, main=<bound method BuildVerb.main of <colcon_core.verb.build.BuildVerb object at 0x7f167d90da58>>, merge_install=False, metas=['./colcon.meta'], packages_above=None, packages_above_and_dependencies=None, packages_above_depth=None, packages_end=None, packages_ignore=None, packages_ignore_regex=None, packages_select=None, packages_select_build_failed=False, packages_select_by_dep=None, packages_select_regex=None, packages_select_test_failures=False, packages_skip=None, packages_skip_build_finished=False, packages_skip_by_dep=None, packages_skip_regex=None, packages_skip_test_passed=False, packages_skip_up_to=None, packages_start=None, packages_up_to=None, packages_up_to_regex=None, parallel_workers=2, paths=None, symlink_install=False, test_result_base=None, verb_extension=<colcon_core.verb.build.BuildVerb object at 0x7f167d90da58>, verb_name='build', verb_parser=<colcon_defaults.argument_parser.defaults.DefaultArgumentsDecorator object at 0x7f167d90de10>)
[1.206s] Level 1:colcon.colcon_core.package_discovery:discover_packages(colcon_meta) check parameters
[1.206s] Level 1:colcon.colcon_core.package_discovery:discover_packages(recursive) check parameters
[1.206s] Level 1:colcon.colcon_core.package_discovery:discover_packages(ignore) check parameters
[1.206s] Level 1:colcon.colcon_core.package_discovery:discover_packages(path) check parameters
[1.206s] Level 1:colcon.colcon_core.package_discovery:discover_packages(colcon_meta) discover
[1.207s] Level 1:colcon.colcon_core.package_discovery:discover_packages(recursive) discover
[1.207s] INFO:colcon.colcon_core.package_discovery:Crawling recursively for packages in '/home/ubuntu/environment/HelloWorld/robot_ws'
[1.207s] Level 1:colcon.colcon_core.package_identification:_identify(.) by extensions ['ignore', 'ignore_ament_install']
[1.207s] Level 1:colcon.colcon_core.package_identification:_identify(.) by extension 'ignore'
[1.207s] Level 1:colcon.colcon_core.package_identification:_identify(.) by extension 'ignore_ament_install'
[1.207s] Level 1:colcon.colcon_core.package_identification:_identify(.) by extensions ['colcon_pkg']
[1.207s] Level 1:colcon.colcon_core.package_identification:_identify(.) by extension 'colcon_pkg'
[1.207s] Level 1:colcon.colcon_core.package_identification:_identify(.) by extensions ['colcon_meta']
[1.208s] Level 1:colcon.colcon_core.package_identification:_identify(.) by extension 'colcon_meta'
[1.208s] Level 1:colcon.colcon_core.package_identification:_identify(.) by extensions ['ros']
[1.208s] Level 1:colcon.colcon_core.package_identification:_identify(.) by extension 'ros'
[1.225s] Level 1:colcon.colcon_core.package_identification:_identify(.) by extensions ['cmake', 'python']
[1.225s] Level 1:colcon.colcon_core.package_identification:_identify(.) by extension 'cmake'
[1.225s] Level 1:colcon.colcon_core.package_identification:_identify(.) by extension 'python'
[1.225s] Level 1:colcon.colcon_core.package_identification:_identify(.) by extensions ['python_setup_py']
[1.225s] Level 1:colcon.colcon_core.package_identification:_identify(.) by extension 'python_setup_py'
[1.225s] Level 1:colcon.colcon_core.package_identification:_identify(build) by extensions ['ignore', 'ignore_ament_install']
[1.225s] Level 1:colcon.colcon_core.package_identification:_identify(build) by extension 'ignore'
[1.225s] Level 1:colcon.colcon_core.package_identification:_identify(build) ignored
[1.226s] Level 1:colcon.colcon_core.package_identification:_identify(bundle) by extensions ['ignore', 'ignore_ament_install']
[1.226s] Level 1:colcon.colcon_core.package_identification:_identify(bundle) by extension 'ignore'
[1.227s] Level 1:colcon.colcon_core.package_identification:_identify(bundle) ignored
[1.227s] Level 1:colcon.colcon_core.package_identification:_identify(install) by extensions ['ignore', 'ignore_ament_install']
[1.227s] Level 1:colcon.colcon_core.package_identification:_identify(install) by extension 'ignore'
[1.227s] Level 1:colcon.colcon_core.package_identification:_identify(install) ignored
[1.227s] Level 1:colcon.colcon_core.package_identification:_identify(log) by extensions ['ignore', 'ignore_ament_install']
[1.227s] Level 1:colcon.colcon_core.package_identification:_identify(log) by extension 'ignore'
[1.227s] Level 1:colcon.colcon_core.package_identification:_identify(log) ignored
[1.227s] Level 1:colcon.colcon_core.package_identification:_identify(src) by extensions ['ignore', 'ignore_ament_install']
[1.228s] Level 1:colcon.colcon_core.package_identification:_identify(src) by extension 'ignore'
[1.228s] Level 1:colcon.colcon_core.package_identification:_identify(src) by extension 'ignore_ament_install'
[1.228s] Level 1:colcon.colcon_core.package_identification:_identify(src) by extensions ['colcon_pkg']
[1.228s] Level 1:colcon.colcon_core.package_identification:_identify(src) by extension 'colcon_pkg'
[1.228s] Level 1:colcon.colcon_core.package_identification:_identify(src) by extensions ['colcon_meta']
[1.228s] Level 1:colcon.colcon_core.package_identification:_identify(src) by extension 'colcon_meta'
[1.228s] Level 1:colcon.colcon_core.package_identification:_identify(src) by extensions ['ros']
[1.228s] Level 1:colcon.colcon_core.package_identification:_identify(src) by extension 'ros'
[1.228s] Level 1:colcon.colcon_core.package_identification:_identify(src) by extensions ['cmake', 'python']
[1.228s] Level 1:colcon.colcon_core.package_identification:_identify(src) by extension 'cmake'
[1.228s] Level 1:colcon.colcon_core.package_identification:_identify(src) by extension 'python'
[1.228s] Level 1:colcon.colcon_core.package_identification:_identify(src) by extensions ['python_setup_py']
[1.229s] Level 1:colcon.colcon_core.package_identification:_identify(src) by extension 'python_setup_py'
[1.229s] Level 1:colcon.colcon_core.package_identification:_identify(src/deps) by extensions ['ignore', 'ignore_ament_install']
[1.229s] Level 1:colcon.colcon_core.package_identification:_identify(src/deps) by extension 'ignore'
[1.229s] Level 1:colcon.colcon_core.package_identification:_identify(src/deps) by extension 'ignore_ament_install'
[1.229s] Level 1:colcon.colcon_core.package_identification:_identify(src/deps) by extensions ['colcon_pkg']
[1.229s] Level 1:colcon.colcon_core.package_identification:_identify(src/deps) by extension 'colcon_pkg'
[1.229s] Level 1:colcon.colcon_core.package_identification:_identify(src/deps) by extensions ['colcon_meta']
[1.229s] Level 1:colcon.colcon_core.package_identification:_identify(src/deps) by extension 'colcon_meta'
[1.229s] Level 1:colcon.colcon_core.package_identification:_identify(src/deps) by extensions ['ros']
[1.229s] Level 1:colcon.colcon_core.package_identification:_identify(src/deps) by extension 'ros'
[1.229s] Level 1:colcon.colcon_core.package_identification:_identify(src/deps) by extensions ['cmake', 'python']
[1.229s] Level 1:colcon.colcon_core.package_identification:_identify(src/deps) by extension 'cmake'
[1.230s] Level 1:colcon.colcon_core.package_identification:_identify(src/deps) by extension 'python'
[1.230s] Level 1:colcon.colcon_core.package_identification:_identify(src/deps) by extensions ['python_setup_py']
[1.230s] Level 1:colcon.colcon_core.package_identification:_identify(src/deps) by extension 'python_setup_py'
[1.230s] Level 1:colcon.colcon_core.package_identification:_identify(src/deps/turtlebot3-description-reduced-mesh) by extensions ['ignore', 'ignore_ament_install']
[1.230s] Level 1:colcon.colcon_core.package_identification:_identify(src/deps/turtlebot3-description-reduced-mesh) by extension 'ignore'
[1.230s] Level 1:colcon.colcon_core.package_identification:_identify(src/deps/turtlebot3-description-reduced-mesh) by extension 'ignore_ament_install'
[1.230s] Level 1:colcon.colcon_core.package_identification:_identify(src/deps/turtlebot3-description-reduced-mesh) by extensions ['colcon_pkg']
[1.230s] Level 1:colcon.colcon_core.package_identification:_identify(src/deps/turtlebot3-description-reduced-mesh) by extension 'colcon_pkg'
[1.230s] Level 1:colcon.colcon_core.package_identification:_identify(src/deps/turtlebot3-description-reduced-mesh) by extensions ['colcon_meta']
[1.230s] Level 1:colcon.colcon_core.package_identification:_identify(src/deps/turtlebot3-description-reduced-mesh) by extension 'colcon_meta'
[1.230s] Level 1:colcon.colcon_core.package_identification:_identify(src/deps/turtlebot3-description-reduced-mesh) by extensions ['ros']
[1.231s] Level 1:colcon.colcon_core.package_identification:_identify(src/deps/turtlebot3-description-reduced-mesh) by extension 'ros'
[1.234s] DEBUG:colcon.colcon_core.package_identification:Package 'src/deps/turtlebot3-description-reduced-mesh' with type 'ros.catkin' and name 'turtlebot3_description_reduced_mesh'
[1.234s] Level 1:colcon.colcon_core.package_identification:_identify(src/hello_world_robot) by extensions ['ignore', 'ignore_ament_install']
[1.234s] Level 1:colcon.colcon_core.package_identification:_identify(src/hello_world_robot) by extension 'ignore'
[1.234s] Level 1:colcon.colcon_core.package_identification:_identify(src/hello_world_robot) by extension 'ignore_ament_install'
[1.234s] Level 1:colcon.colcon_core.package_identification:_identify(src/hello_world_robot) by extensions ['colcon_pkg']
[1.234s] Level 1:colcon.colcon_core.package_identification:_identify(src/hello_world_robot) by extension 'colcon_pkg'
[1.234s] Level 1:colcon.colcon_core.package_identification:_identify(src/hello_world_robot) by extensions ['colcon_meta']
[1.234s] Level 1:colcon.colcon_core.package_identification:_identify(src/hello_world_robot) by extension 'colcon_meta'
[1.235s] Level 1:colcon.colcon_core.package_identification:_identify(src/hello_world_robot) by extensions ['ros']
[1.235s] Level 1:colcon.colcon_core.package_identification:_identify(src/hello_world_robot) by extension 'ros'
[1.237s] DEBUG:colcon.colcon_core.package_identification:Package 'src/hello_world_robot' with type 'ros.catkin' and name 'hello_world_robot'
[1.237s] Level 1:colcon.colcon_core.package_discovery:discover_packages(recursive) using defaults
[1.237s] Level 1:colcon.colcon_core.package_discovery:discover_packages(ignore) discover
[1.237s] Level 1:colcon.colcon_core.package_discovery:discover_packages(ignore) using defaults
[1.237s] Level 1:colcon.colcon_core.package_discovery:discover_packages(path) discover
[1.237s] Level 1:colcon.colcon_core.package_discovery:discover_packages(path) using defaults
[1.322s] Level 5:colcon.colcon_core.verb:set package 'turtlebot3_description_reduced_mesh' build argument 'cmake_args' from command line to 'None'
[1.322s] Level 5:colcon.colcon_core.verb:set package 'turtlebot3_description_reduced_mesh' build argument 'cmake_target' from command line to 'None'
[1.323s] Level 5:colcon.colcon_core.verb:set package 'turtlebot3_description_reduced_mesh' build argument 'cmake_target_skip_unavailable' from command line to 'False'
[1.323s] Level 5:colcon.colcon_core.verb:set package 'turtlebot3_description_reduced_mesh' build argument 'cmake_clean_cache' from command line to 'False'
[1.323s] Level 5:colcon.colcon_core.verb:set package 'turtlebot3_description_reduced_mesh' build argument 'cmake_clean_first' from command line to 'False'
[1.323s] Level 5:colcon.colcon_core.verb:set package 'turtlebot3_description_reduced_mesh' build argument 'cmake_force_configure' from command line to 'False'
[1.323s] Level 5:colcon.colcon_core.verb:set package 'turtlebot3_description_reduced_mesh' build argument 'ament_cmake_args' from command line to 'None'
[1.323s] Level 5:colcon.colcon_core.verb:set package 'turtlebot3_description_reduced_mesh' build argument 'catkin_cmake_args' from command line to 'None'
[1.323s] Level 5:colcon.colcon_core.verb:set package 'turtlebot3_description_reduced_mesh' build argument 'catkin_skip_building_tests' from command line to 'False'
[1.323s] DEBUG:colcon.colcon_core.verb:Building package 'turtlebot3_description_reduced_mesh' with the following arguments: {'ament_cmake_args': None, 'build_base': '/home/ubuntu/environment/HelloWorld/robot_ws/build/turtlebot3_description_reduced_mesh', 'catkin_cmake_args': None, 'catkin_skip_building_tests': False, 'cmake_args': None, 'cmake_clean_cache': False, 'cmake_clean_first': False, 'cmake_force_configure': False, 'cmake_target': None, 'cmake_target_skip_unavailable': False, 'install_base': '/home/ubuntu/environment/HelloWorld/robot_ws/install/turtlebot3_description_reduced_mesh', 'merge_install': False, 'path': '/home/ubuntu/environment/HelloWorld/robot_ws/src/deps/turtlebot3-description-reduced-mesh', 'symlink_install': False, 'test_result_base': None}
[1.341s] Level 5:colcon.colcon_core.verb:set package 'hello_world_robot' build argument 'cmake_args' from command line to 'None'
[1.341s] Level 5:colcon.colcon_core.verb:set package 'hello_world_robot' build argument 'cmake_target' from command line to 'None'
[1.341s] Level 5:colcon.colcon_core.verb:set package 'hello_world_robot' build argument 'cmake_target_skip_unavailable' from command line to 'False'
[1.341s] Level 5:colcon.colcon_core.verb:set package 'hello_world_robot' build argument 'cmake_clean_cache' from command line to 'False'
[1.341s] Level 5:colcon.colcon_core.verb:set package 'hello_world_robot' build argument 'cmake_clean_first' from command line to 'False'
[1.341s] Level 5:colcon.colcon_core.verb:set package 'hello_world_robot' build argument 'cmake_force_configure' from command line to 'False'
[1.341s] Level 5:colcon.colcon_core.verb:set package 'hello_world_robot' build argument 'ament_cmake_args' from command line to 'None'
[1.341s] Level 5:colcon.colcon_core.verb:set package 'hello_world_robot' build argument 'catkin_cmake_args' from command line to 'None'
[1.341s] Level 5:colcon.colcon_core.verb:set package 'hello_world_robot' build argument 'catkin_skip_building_tests' from command line to 'False'
[1.341s] DEBUG:colcon.colcon_core.verb:Building package 'hello_world_robot' with the following arguments: {'ament_cmake_args': None, 'build_base': '/home/ubuntu/environment/HelloWorld/robot_ws/build/hello_world_robot', 'catkin_cmake_args': None, 'catkin_skip_building_tests': False, 'cmake_args': None, 'cmake_clean_cache': False, 'cmake_clean_first': False, 'cmake_force_configure': False, 'cmake_target': None, 'cmake_target_skip_unavailable': False, 'install_base': '/home/ubuntu/environment/HelloWorld/robot_ws/install/hello_world_robot', 'merge_install': False, 'path': '/home/ubuntu/environment/HelloWorld/robot_ws/src/hello_world_robot', 'symlink_install': False, 'test_result_base': None}
[1.346s] INFO:colcon.colcon_core.executor:Executing jobs using 'parallel' executor
[1.377s] DEBUG:colcon.colcon_parallel_executor.executor.parallel:run_until_complete
[1.377s] INFO:colcon.colcon_ros.task.catkin.build:Building ROS package in '/home/ubuntu/environment/HelloWorld/robot_ws/src/deps/turtlebot3-description-reduced-mesh' with build type 'catkin'
[1.377s] INFO:colcon.colcon_cmake.task.cmake.build:Building CMake package in '/home/ubuntu/environment/HelloWorld/robot_ws/src/deps/turtlebot3-description-reduced-mesh'
[1.404s] INFO:colcon.colcon_core.plugin_system:Skipping extension 'colcon_core.shell.bat': Not used on non-Windows systems
[1.405s] INFO:colcon.colcon_core.shell:Skip shell extension 'powershell' for command environment: Not usable outside of PowerShell
[1.405s] DEBUG:colcon.colcon_core.shell:Skip shell extension 'dsv' for command environment
[1.418s] DEBUG:colcon.colcon_core.shell:Ignoring prefix path '/opt/ros/melodic'
[1.434s] DEBUG:colcon.colcon_core.event_handler.log_command:Invoking command in '/home/ubuntu/environment/HelloWorld/robot_ws/build/turtlebot3_description_reduced_mesh': /usr/bin/cmake --build /home/ubuntu/environment/HelloWorld/robot_ws/build/turtlebot3_description_reduced_mesh -- -j2 -l2
[1.606s] DEBUG:colcon.colcon_core.event_handler.log_command:Invoked command in '/home/ubuntu/environment/HelloWorld/robot_ws/build/turtlebot3_description_reduced_mesh' returned '0': /usr/bin/cmake --build /home/ubuntu/environment/HelloWorld/robot_ws/build/turtlebot3_description_reduced_mesh -- -j2 -l2
[1.691s] DEBUG:colcon.colcon_core.event_handler.log_command:Invoking command in '/home/ubuntu/environment/HelloWorld/robot_ws/build/turtlebot3_description_reduced_mesh': /usr/bin/cmake --build /home/ubuntu/environment/HelloWorld/robot_ws/build/turtlebot3_description_reduced_mesh --target tests -- -j2 -l2
[1.784s] DEBUG:colcon.colcon_core.event_handler.log_command:Invoked command in '/home/ubuntu/environment/HelloWorld/robot_ws/build/turtlebot3_description_reduced_mesh' returned '0': /usr/bin/cmake --build /home/ubuntu/environment/HelloWorld/robot_ws/build/turtlebot3_description_reduced_mesh --target tests -- -j2 -l2
[1.882s] DEBUG:colcon.colcon_core.event_handler.log_command:Invoking command in '/home/ubuntu/environment/HelloWorld/robot_ws/build/turtlebot3_description_reduced_mesh': /usr/bin/cmake --build /home/ubuntu/environment/HelloWorld/robot_ws/build/turtlebot3_description_reduced_mesh --target install -- -j2 -l2
[1.971s] DEBUG:colcon.colcon_core.event_handler.log_command:Invoked command in '/home/ubuntu/environment/HelloWorld/robot_ws/build/turtlebot3_description_reduced_mesh' returned '0': /usr/bin/cmake --build /home/ubuntu/environment/HelloWorld/robot_ws/build/turtlebot3_description_reduced_mesh --target install -- -j2 -l2
[2.054s] Level 1:colcon.colcon_core.shell:create_environment_hook('turtlebot3_description_reduced_mesh', 'ros_package_path')
[2.068s] INFO:colcon.colcon_core.shell:Creating environment hook '/home/ubuntu/environment/HelloWorld/robot_ws/install/turtlebot3_description_reduced_mesh/share/turtlebot3_description_reduced_mesh/hook/ros_package_path.ps1'
[2.071s] INFO:colcon.colcon_core.shell:Creating environment descriptor '/home/ubuntu/environment/HelloWorld/robot_ws/install/turtlebot3_description_reduced_mesh/share/turtlebot3_description_reduced_mesh/hook/ros_package_path.dsv'
[2.072s] INFO:colcon.colcon_core.shell:Creating environment hook '/home/ubuntu/environment/HelloWorld/robot_ws/install/turtlebot3_description_reduced_mesh/share/turtlebot3_description_reduced_mesh/hook/ros_package_path.sh'
[2.074s] Level 1:colcon.colcon_ros.task.catkin:checking '/home/ubuntu/environment/HelloWorld/robot_ws/install/turtlebot3_description_reduced_mesh/lib/python2.7/dist-packages'
[2.074s] Level 1:colcon.colcon_core.shell:create_environment_hook('turtlebot3_description_reduced_mesh', 'pkg_config_path')
[2.087s] INFO:colcon.colcon_core.shell:Creating environment hook '/home/ubuntu/environment/HelloWorld/robot_ws/install/turtlebot3_description_reduced_mesh/share/turtlebot3_description_reduced_mesh/hook/pkg_config_path.ps1'
[2.088s] INFO:colcon.colcon_core.shell:Creating environment descriptor '/home/ubuntu/environment/HelloWorld/robot_ws/install/turtlebot3_description_reduced_mesh/share/turtlebot3_description_reduced_mesh/hook/pkg_config_path.dsv'
[2.089s] INFO:colcon.colcon_core.shell:Creating environment hook '/home/ubuntu/environment/HelloWorld/robot_ws/install/turtlebot3_description_reduced_mesh/share/turtlebot3_description_reduced_mesh/hook/pkg_config_path.sh'
[2.104s] Level 1:colcon.colcon_core.shell:create_environment_hook('turtlebot3_description_reduced_mesh', 'pkg_config_path_multiarch')
[2.118s] INFO:colcon.colcon_core.shell:Creating environment hook '/home/ubuntu/environment/HelloWorld/robot_ws/install/turtlebot3_description_reduced_mesh/share/turtlebot3_description_reduced_mesh/hook/pkg_config_path_multiarch.ps1'
[2.119s] INFO:colcon.colcon_core.shell:Creating environment descriptor '/home/ubuntu/environment/HelloWorld/robot_ws/install/turtlebot3_description_reduced_mesh/share/turtlebot3_description_reduced_mesh/hook/pkg_config_path_multiarch.dsv'
[2.119s] INFO:colcon.colcon_core.shell:Creating environment hook '/home/ubuntu/environment/HelloWorld/robot_ws/install/turtlebot3_description_reduced_mesh/share/turtlebot3_description_reduced_mesh/hook/pkg_config_path_multiarch.sh'
[2.137s] Level 1:colcon.colcon_core.environment:create_environment_scripts_only(turtlebot3_description_reduced_mesh)
[2.164s] Level 1:colcon.colcon_core.environment:checking '/home/ubuntu/environment/HelloWorld/robot_ws/install/turtlebot3_description_reduced_mesh' for CMake module files
[2.165s] Level 1:colcon.colcon_core.environment:checking '/home/ubuntu/environment/HelloWorld/robot_ws/install/turtlebot3_description_reduced_mesh' for CMake config files
[2.165s] Level 1:colcon.colcon_core.shell:create_environment_hook('turtlebot3_description_reduced_mesh', 'cmake_prefix_path')
[2.178s] INFO:colcon.colcon_core.shell:Creating environment hook '/home/ubuntu/environment/HelloWorld/robot_ws/install/turtlebot3_description_reduced_mesh/share/turtlebot3_description_reduced_mesh/hook/cmake_prefix_path.ps1'
[2.179s] INFO:colcon.colcon_core.shell:Creating environment descriptor '/home/ubuntu/environment/HelloWorld/robot_ws/install/turtlebot3_description_reduced_mesh/share/turtlebot3_description_reduced_mesh/hook/cmake_prefix_path.dsv'
[2.179s] INFO:colcon.colcon_core.shell:Creating environment hook '/home/ubuntu/environment/HelloWorld/robot_ws/install/turtlebot3_description_reduced_mesh/share/turtlebot3_description_reduced_mesh/hook/cmake_prefix_path.sh'
[2.181s] Level 1:colcon.colcon_core.environment:checking '/home/ubuntu/environment/HelloWorld/robot_ws/install/turtlebot3_description_reduced_mesh/lib'
[2.181s] Level 1:colcon.colcon_core.environment:checking '/home/ubuntu/environment/HelloWorld/robot_ws/install/turtlebot3_description_reduced_mesh/bin'
[2.181s] Level 1:colcon.colcon_core.environment:checking '/home/ubuntu/environment/HelloWorld/robot_ws/install/turtlebot3_description_reduced_mesh/lib/pkgconfig/turtlebot3_description_reduced_mesh.pc'
[2.181s] Level 1:colcon.colcon_core.shell:create_environment_hook('turtlebot3_description_reduced_mesh', 'pkg_config')
[2.194s] INFO:colcon.colcon_core.shell:Creating environment hook '/home/ubuntu/environment/HelloWorld/robot_ws/install/turtlebot3_description_reduced_mesh/share/turtlebot3_description_reduced_mesh/hook/pkg_config.ps1'
[2.195s] INFO:colcon.colcon_core.shell:Creating environment descriptor '/home/ubuntu/environment/HelloWorld/robot_ws/install/turtlebot3_description_reduced_mesh/share/turtlebot3_description_reduced_mesh/hook/pkg_config.dsv'
[2.196s] INFO:colcon.colcon_core.shell:Creating environment hook '/home/ubuntu/environment/HelloWorld/robot_ws/install/turtlebot3_description_reduced_mesh/share/turtlebot3_description_reduced_mesh/hook/pkg_config.sh'
[2.196s] Level 1:colcon.colcon_core.environment:checking '/home/ubuntu/environment/HelloWorld/robot_ws/install/turtlebot3_description_reduced_mesh/lib/python3.6/site-packages'
[2.210s] INFO:colcon.colcon_core.shell:Creating package script '/home/ubuntu/environment/HelloWorld/robot_ws/install/turtlebot3_description_reduced_mesh/share/turtlebot3_description_reduced_mesh/package.ps1'
[2.212s] INFO:colcon.colcon_core.shell:Creating package descriptor '/home/ubuntu/environment/HelloWorld/robot_ws/install/turtlebot3_description_reduced_mesh/share/turtlebot3_description_reduced_mesh/package.dsv'
[2.213s] INFO:colcon.colcon_core.shell:Creating package script '/home/ubuntu/environment/HelloWorld/robot_ws/install/turtlebot3_description_reduced_mesh/share/turtlebot3_description_reduced_mesh/package.sh'
[2.215s] INFO:colcon.colcon_core.shell:Creating package script '/home/ubuntu/environment/HelloWorld/robot_ws/install/turtlebot3_description_reduced_mesh/share/turtlebot3_description_reduced_mesh/package.bash'
[2.217s] INFO:colcon.colcon_core.shell:Creating package script '/home/ubuntu/environment/HelloWorld/robot_ws/install/turtlebot3_description_reduced_mesh/share/turtlebot3_description_reduced_mesh/package.zsh'
[2.218s] Level 1:colcon.colcon_core.environment:create_file_with_runtime_dependencies(/home/ubuntu/environment/HelloWorld/robot_ws/install/turtlebot3_description_reduced_mesh/share/colcon-core/packages/turtlebot3_description_reduced_mesh)
[2.221s] INFO:colcon.colcon_ros.task.catkin.build:Building ROS package in '/home/ubuntu/environment/HelloWorld/robot_ws/src/hello_world_robot' with build type 'catkin'
[2.221s] INFO:colcon.colcon_cmake.task.cmake.build:Building CMake package in '/home/ubuntu/environment/HelloWorld/robot_ws/src/hello_world_robot'
[2.235s] INFO:colcon.colcon_core.shell:Skip shell extension 'powershell' for command environment: Not usable outside of PowerShell
[2.235s] DEBUG:colcon.colcon_core.shell:Skip shell extension 'dsv' for command environment
[2.245s] DEBUG:colcon.colcon_core.shell:Ignoring prefix path '/opt/ros/melodic'
[2.259s] DEBUG:colcon.colcon_core.event_handler.log_command:Invoking command in '/home/ubuntu/environment/HelloWorld/robot_ws/build/hello_world_robot': CMAKE_PREFIX_PATH=/home/ubuntu/environment/HelloWorld/robot_ws/install/turtlebot3_description_reduced_mesh:${CMAKE_PREFIX_PATH} PKG_CONFIG_PATH=/home/ubuntu/environment/HelloWorld/robot_ws/install/turtlebot3_description_reduced_mesh/lib/x86_64-linux-gnu/pkgconfig:/home/ubuntu/environment/HelloWorld/robot_ws/install/turtlebot3_description_reduced_mesh/lib/pkgconfig:${PKG_CONFIG_PATH} ROS_PACKAGE_PATH=/home/ubuntu/environment/HelloWorld/robot_ws/install/turtlebot3_description_reduced_mesh/share:${ROS_PACKAGE_PATH} /usr/bin/cmake --build /home/ubuntu/environment/HelloWorld/robot_ws/build/hello_world_robot -- -j2 -l2
[4.023s] DEBUG:colcon.colcon_core.event_handler.log_command:Invoked command in '/home/ubuntu/environment/HelloWorld/robot_ws/build/hello_world_robot' returned '0': CMAKE_PREFIX_PATH=/home/ubuntu/environment/HelloWorld/robot_ws/install/turtlebot3_description_reduced_mesh:${CMAKE_PREFIX_PATH} PKG_CONFIG_PATH=/home/ubuntu/environment/HelloWorld/robot_ws/install/turtlebot3_description_reduced_mesh/lib/x86_64-linux-gnu/pkgconfig:/home/ubuntu/environment/HelloWorld/robot_ws/install/turtlebot3_description_reduced_mesh/lib/pkgconfig:${PKG_CONFIG_PATH} ROS_PACKAGE_PATH=/home/ubuntu/environment/HelloWorld/robot_ws/install/turtlebot3_description_reduced_mesh/share:${ROS_PACKAGE_PATH} /usr/bin/cmake --build /home/ubuntu/environment/HelloWorld/robot_ws/build/hello_world_robot -- -j2 -l2
[4.084s] DEBUG:colcon.colcon_core.event_handler.log_command:Invoking command in '/home/ubuntu/environment/HelloWorld/robot_ws/build/hello_world_robot': CMAKE_PREFIX_PATH=/home/ubuntu/environment/HelloWorld/robot_ws/install/turtlebot3_description_reduced_mesh:${CMAKE_PREFIX_PATH} PKG_CONFIG_PATH=/home/ubuntu/environment/HelloWorld/robot_ws/install/turtlebot3_description_reduced_mesh/lib/x86_64-linux-gnu/pkgconfig:/home/ubuntu/environment/HelloWorld/robot_ws/install/turtlebot3_description_reduced_mesh/lib/pkgconfig:${PKG_CONFIG_PATH} ROS_PACKAGE_PATH=/home/ubuntu/environment/HelloWorld/robot_ws/install/turtlebot3_description_reduced_mesh/share:${ROS_PACKAGE_PATH} /usr/bin/cmake --build /home/ubuntu/environment/HelloWorld/robot_ws/build/hello_world_robot --target tests -- -j2 -l2
[4.175s] DEBUG:colcon.colcon_core.event_handler.log_command:Invoked command in '/home/ubuntu/environment/HelloWorld/robot_ws/build/hello_world_robot' returned '0': CMAKE_PREFIX_PATH=/home/ubuntu/environment/HelloWorld/robot_ws/install/turtlebot3_description_reduced_mesh:${CMAKE_PREFIX_PATH} PKG_CONFIG_PATH=/home/ubuntu/environment/HelloWorld/robot_ws/install/turtlebot3_description_reduced_mesh/lib/x86_64-linux-gnu/pkgconfig:/home/ubuntu/environment/HelloWorld/robot_ws/install/turtlebot3_description_reduced_mesh/lib/pkgconfig:${PKG_CONFIG_PATH} ROS_PACKAGE_PATH=/home/ubuntu/environment/HelloWorld/robot_ws/install/turtlebot3_description_reduced_mesh/share:${ROS_PACKAGE_PATH} /usr/bin/cmake --build /home/ubuntu/environment/HelloWorld/robot_ws/build/hello_world_robot --target tests -- -j2 -l2
[4.238s] DEBUG:colcon.colcon_core.event_handler.log_command:Invoking command in '/home/ubuntu/environment/HelloWorld/robot_ws/build/hello_world_robot': CMAKE_PREFIX_PATH=/home/ubuntu/environment/HelloWorld/robot_ws/install/turtlebot3_description_reduced_mesh:${CMAKE_PREFIX_PATH} PKG_CONFIG_PATH=/home/ubuntu/environment/HelloWorld/robot_ws/install/turtlebot3_description_reduced_mesh/lib/x86_64-linux-gnu/pkgconfig:/home/ubuntu/environment/HelloWorld/robot_ws/install/turtlebot3_description_reduced_mesh/lib/pkgconfig:${PKG_CONFIG_PATH} ROS_PACKAGE_PATH=/home/ubuntu/environment/HelloWorld/robot_ws/install/turtlebot3_description_reduced_mesh/share:${ROS_PACKAGE_PATH} /usr/bin/cmake --build /home/ubuntu/environment/HelloWorld/robot_ws/build/hello_world_robot --target install -- -j2 -l2
[4.408s] DEBUG:colcon.colcon_core.event_handler.log_command:Invoked command in '/home/ubuntu/environment/HelloWorld/robot_ws/build/hello_world_robot' returned '0': CMAKE_PREFIX_PATH=/home/ubuntu/environment/HelloWorld/robot_ws/install/turtlebot3_description_reduced_mesh:${CMAKE_PREFIX_PATH} PKG_CONFIG_PATH=/home/ubuntu/environment/HelloWorld/robot_ws/install/turtlebot3_description_reduced_mesh/lib/x86_64-linux-gnu/pkgconfig:/home/ubuntu/environment/HelloWorld/robot_ws/install/turtlebot3_description_reduced_mesh/lib/pkgconfig:${PKG_CONFIG_PATH} ROS_PACKAGE_PATH=/home/ubuntu/environment/HelloWorld/robot_ws/install/turtlebot3_description_reduced_mesh/share:${ROS_PACKAGE_PATH} /usr/bin/cmake --build /home/ubuntu/environment/HelloWorld/robot_ws/build/hello_world_robot --target install -- -j2 -l2
[4.470s] Level 1:colcon.colcon_core.shell:create_environment_hook('hello_world_robot', 'ros_package_path')
[4.484s] INFO:colcon.colcon_core.shell:Creating environment hook '/home/ubuntu/environment/HelloWorld/robot_ws/install/hello_world_robot/share/hello_world_robot/hook/ros_package_path.ps1'
[4.486s] INFO:colcon.colcon_core.shell:Creating environment descriptor '/home/ubuntu/environment/HelloWorld/robot_ws/install/hello_world_robot/share/hello_world_robot/hook/ros_package_path.dsv'
[4.486s] INFO:colcon.colcon_core.shell:Creating environment hook '/home/ubuntu/environment/HelloWorld/robot_ws/install/hello_world_robot/share/hello_world_robot/hook/ros_package_path.sh'
[4.487s] Level 1:colcon.colcon_ros.task.catkin:checking '/home/ubuntu/environment/HelloWorld/robot_ws/install/hello_world_robot/lib/python2.7/dist-packages'
[4.487s] Level 1:colcon.colcon_core.shell:create_environment_hook('hello_world_robot', 'catkin_pythonpath')
[4.500s] INFO:colcon.colcon_core.shell:Creating environment hook '/home/ubuntu/environment/HelloWorld/robot_ws/install/hello_world_robot/share/hello_world_robot/hook/catkin_pythonpath.ps1'
[4.501s] INFO:colcon.colcon_core.shell:Creating environment descriptor '/home/ubuntu/environment/HelloWorld/robot_ws/install/hello_world_robot/share/hello_world_robot/hook/catkin_pythonpath.dsv'
[4.501s] INFO:colcon.colcon_core.shell:Creating environment hook '/home/ubuntu/environment/HelloWorld/robot_ws/install/hello_world_robot/share/hello_world_robot/hook/catkin_pythonpath.sh'
[4.502s] Level 1:colcon.colcon_core.shell:create_environment_hook('hello_world_robot', 'pkg_config_path')
[4.515s] INFO:colcon.colcon_core.shell:Creating environment hook '/home/ubuntu/environment/HelloWorld/robot_ws/install/hello_world_robot/share/hello_world_robot/hook/pkg_config_path.ps1'
[4.516s] INFO:colcon.colcon_core.shell:Creating environment descriptor '/home/ubuntu/environment/HelloWorld/robot_ws/install/hello_world_robot/share/hello_world_robot/hook/pkg_config_path.dsv'
[4.517s] INFO:colcon.colcon_core.shell:Creating environment hook '/home/ubuntu/environment/HelloWorld/robot_ws/install/hello_world_robot/share/hello_world_robot/hook/pkg_config_path.sh'
[4.517s] Level 1:colcon.colcon_core.shell:create_environment_hook('hello_world_robot', 'pkg_config_path_multiarch')
[4.530s] INFO:colcon.colcon_core.shell:Creating environment hook '/home/ubuntu/environment/HelloWorld/robot_ws/install/hello_world_robot/share/hello_world_robot/hook/pkg_config_path_multiarch.ps1'
[4.531s] INFO:colcon.colcon_core.shell:Creating environment descriptor '/home/ubuntu/environment/HelloWorld/robot_ws/install/hello_world_robot/share/hello_world_robot/hook/pkg_config_path_multiarch.dsv'
[4.531s] INFO:colcon.colcon_core.shell:Creating environment hook '/home/ubuntu/environment/HelloWorld/robot_ws/install/hello_world_robot/share/hello_world_robot/hook/pkg_config_path_multiarch.sh'
[4.545s] Level 1:colcon.colcon_core.environment:create_environment_scripts_only(hello_world_robot)
[4.558s] Level 1:colcon.colcon_core.environment:checking '/home/ubuntu/environment/HelloWorld/robot_ws/install/hello_world_robot' for CMake module files
[4.559s] Level 1:colcon.colcon_core.environment:checking '/home/ubuntu/environment/HelloWorld/robot_ws/install/hello_world_robot' for CMake config files
[4.559s] Level 1:colcon.colcon_core.shell:create_environment_hook('hello_world_robot', 'cmake_prefix_path')
[4.572s] INFO:colcon.colcon_core.shell:Creating environment hook '/home/ubuntu/environment/HelloWorld/robot_ws/install/hello_world_robot/share/hello_world_robot/hook/cmake_prefix_path.ps1'
[4.573s] INFO:colcon.colcon_core.shell:Creating environment descriptor '/home/ubuntu/environment/HelloWorld/robot_ws/install/hello_world_robot/share/hello_world_robot/hook/cmake_prefix_path.dsv'
[4.573s] INFO:colcon.colcon_core.shell:Creating environment hook '/home/ubuntu/environment/HelloWorld/robot_ws/install/hello_world_robot/share/hello_world_robot/hook/cmake_prefix_path.sh'
[4.574s] Level 1:colcon.colcon_core.environment:checking '/home/ubuntu/environment/HelloWorld/robot_ws/install/hello_world_robot/lib'
[4.575s] Level 1:colcon.colcon_core.environment:checking '/home/ubuntu/environment/HelloWorld/robot_ws/install/hello_world_robot/bin'
[4.575s] Level 1:colcon.colcon_core.environment:checking '/home/ubuntu/environment/HelloWorld/robot_ws/install/hello_world_robot/lib/pkgconfig/hello_world_robot.pc'
[4.575s] Level 1:colcon.colcon_core.shell:create_environment_hook('hello_world_robot', 'pkg_config')
[4.588s] INFO:colcon.colcon_core.shell:Creating environment hook '/home/ubuntu/environment/HelloWorld/robot_ws/install/hello_world_robot/share/hello_world_robot/hook/pkg_config.ps1'
[4.588s] INFO:colcon.colcon_core.shell:Creating environment descriptor '/home/ubuntu/environment/HelloWorld/robot_ws/install/hello_world_robot/share/hello_world_robot/hook/pkg_config.dsv'
[4.589s] INFO:colcon.colcon_core.shell:Creating environment hook '/home/ubuntu/environment/HelloWorld/robot_ws/install/hello_world_robot/share/hello_world_robot/hook/pkg_config.sh'
[4.589s] Level 1:colcon.colcon_core.environment:checking '/home/ubuntu/environment/HelloWorld/robot_ws/install/hello_world_robot/lib/python3.6/site-packages'
[4.603s] INFO:colcon.colcon_core.shell:Creating package script '/home/ubuntu/environment/HelloWorld/robot_ws/install/hello_world_robot/share/hello_world_robot/package.ps1'
[4.604s] INFO:colcon.colcon_core.shell:Creating package descriptor '/home/ubuntu/environment/HelloWorld/robot_ws/install/hello_world_robot/share/hello_world_robot/package.dsv'
[4.605s] INFO:colcon.colcon_core.shell:Creating package script '/home/ubuntu/environment/HelloWorld/robot_ws/install/hello_world_robot/share/hello_world_robot/package.sh'
[4.605s] INFO:colcon.colcon_core.shell:Creating package script '/home/ubuntu/environment/HelloWorld/robot_ws/install/hello_world_robot/share/hello_world_robot/package.bash'
[4.606s] INFO:colcon.colcon_core.shell:Creating package script '/home/ubuntu/environment/HelloWorld/robot_ws/install/hello_world_robot/share/hello_world_robot/package.zsh'
[4.606s] Level 1:colcon.colcon_core.environment:create_file_with_runtime_dependencies(/home/ubuntu/environment/HelloWorld/robot_ws/install/hello_world_robot/share/colcon-core/packages/hello_world_robot)
[4.608s] DEBUG:colcon.colcon_parallel_executor.executor.parallel:closing loop
[4.609s] DEBUG:colcon.colcon_parallel_executor.executor.parallel:loop closed
[4.609s] DEBUG:colcon.colcon_parallel_executor.executor.parallel:run_until_complete finished with '0'
[4.610s] DEBUG:colcon.colcon_core.event_reactor:joining thread
[4.636s] INFO:colcon.colcon_core.plugin_system:Skipping extension 'colcon_notification.desktop_notification.notify_send': Could not find 'notify-send'
[4.636s] INFO:colcon.colcon_core.plugin_system:Skipping extension 'colcon_notification.desktop_notification.terminal_notifier': Not used on non-Darwin systems
[4.637s] INFO:colcon.colcon_core.plugin_system:Skipping extension 'colcon_notification.desktop_notification.win32': Not used on non-Windows systems
[4.637s] INFO:colcon.colcon_notification.desktop_notification:Sending desktop notification using 'notify2'
[4.637s] DEBUG:colcon.colcon_notification.desktop_notification.notify2:Failed to initialize notify2: org.freedesktop.DBus.Error.NotSupported: Unable to autolaunch a dbus-daemon without a $DISPLAY for X11
[4.637s] DEBUG:colcon.colcon_core.event_reactor:joined thread
[4.650s] INFO:colcon.colcon_core.shell:Creating prefix script '/home/ubuntu/environment/HelloWorld/robot_ws/install/local_setup.ps1'
[4.653s] INFO:colcon.colcon_core.shell:Creating prefix util module '/home/ubuntu/environment/HelloWorld/robot_ws/install/_local_setup_util_ps1.py'
[4.655s] INFO:colcon.colcon_core.shell:Creating prefix chain script '/home/ubuntu/environment/HelloWorld/robot_ws/install/setup.ps1'
[4.667s] INFO:colcon.colcon_core.shell:Creating prefix script '/home/ubuntu/environment/HelloWorld/robot_ws/install/local_setup.sh'
[4.669s] INFO:colcon.colcon_core.shell:Creating prefix util module '/home/ubuntu/environment/HelloWorld/robot_ws/install/_local_setup_util_sh.py'
[4.669s] INFO:colcon.colcon_core.shell:Creating prefix chain script '/home/ubuntu/environment/HelloWorld/robot_ws/install/setup.sh'
[4.680s] INFO:colcon.colcon_core.shell:Creating prefix script '/home/ubuntu/environment/HelloWorld/robot_ws/install/local_setup.bash'
[4.681s] INFO:colcon.colcon_core.shell:Creating prefix chain script '/home/ubuntu/environment/HelloWorld/robot_ws/install/setup.bash'
[4.692s] INFO:colcon.colcon_core.shell:Creating prefix script '/home/ubuntu/environment/HelloWorld/robot_ws/install/local_setup.zsh'
[4.693s] INFO:colcon.colcon_core.shell:Creating prefix chain script '/home/ubuntu/environment/HelloWorld/robot_ws/install/setup.zsh'
