[0.050s] Invoking command in '/home/ubuntu/environment/HelloWorld/simulation_ws/build/turtlebot3_description_reduced_mesh': /usr/bin/cmake --build /home/ubuntu/environment/HelloWorld/simulation_ws/build/turtlebot3_description_reduced_mesh -- -j2 -l2
[0.135s] Invoked command in '/home/ubuntu/environment/HelloWorld/simulation_ws/build/turtlebot3_description_reduced_mesh' returned '0': /usr/bin/cmake --build /home/ubuntu/environment/HelloWorld/simulation_ws/build/turtlebot3_description_reduced_mesh -- -j2 -l2
[0.257s] Invoking command in '/home/ubuntu/environment/HelloWorld/simulation_ws/build/turtlebot3_description_reduced_mesh': /usr/bin/cmake --build /home/ubuntu/environment/HelloWorld/simulation_ws/build/turtlebot3_description_reduced_mesh --target tests -- -j2 -l2
[0.378s] Built target tests
[0.399s] Invoked command in '/home/ubuntu/environment/HelloWorld/simulation_ws/build/turtlebot3_description_reduced_mesh' returned '0': /usr/bin/cmake --build /home/ubuntu/environment/HelloWorld/simulation_ws/build/turtlebot3_description_reduced_mesh --target tests -- -j2 -l2
[0.542s] Invoking command in '/home/ubuntu/environment/HelloWorld/simulation_ws/build/turtlebot3_description_reduced_mesh': /usr/bin/cmake --build /home/ubuntu/environment/HelloWorld/simulation_ws/build/turtlebot3_description_reduced_mesh --target install -- -j2 -l2
[0.638s] [36mInstall the project...[0m
[0.655s] -- Install configuration: ""
[0.659s] -- Up-to-date: /home/ubuntu/environment/HelloWorld/simulation_ws/install/turtlebot3_description_reduced_mesh/lib/pkgconfig/turtlebot3_description_reduced_mesh.pc
[0.661s] -- Up-to-date: /home/ubuntu/environment/HelloWorld/simulation_ws/install/turtlebot3_description_reduced_mesh/share/turtlebot3_description_reduced_mesh/cmake/turtlebot3_description_reduced_meshConfig.cmake
[0.661s] -- Up-to-date: /home/ubuntu/environment/HelloWorld/simulation_ws/install/turtlebot3_description_reduced_mesh/share/turtlebot3_description_reduced_mesh/cmake/turtlebot3_description_reduced_meshConfig-version.cmake
[0.662s] -- Up-to-date: /home/ubuntu/environment/HelloWorld/simulation_ws/install/turtlebot3_description_reduced_mesh/share/turtlebot3_description_reduced_mesh/package.xml
[0.662s] -- Up-to-date: /home/ubuntu/environment/HelloWorld/simulation_ws/install/turtlebot3_description_reduced_mesh/share/turtlebot3_description_reduced_mesh/launch
[0.664s] -- Up-to-date: /home/ubuntu/environment/HelloWorld/simulation_ws/install/turtlebot3_description_reduced_mesh/share/turtlebot3_description_reduced_mesh/launch/spawn_turtlebot.launch
[0.664s] -- Up-to-date: /home/ubuntu/environment/HelloWorld/simulation_ws/install/turtlebot3_description_reduced_mesh/share/turtlebot3_description_reduced_mesh/meshes
[0.665s] -- Up-to-date: /home/ubuntu/environment/HelloWorld/simulation_ws/install/turtlebot3_description_reduced_mesh/share/turtlebot3_description_reduced_mesh/meshes/sensors
[0.667s] -- Up-to-date: /home/ubuntu/environment/HelloWorld/simulation_ws/install/turtlebot3_description_reduced_mesh/share/turtlebot3_description_reduced_mesh/meshes/sensors/r200.jpg
[0.667s] -- Up-to-date: /home/ubuntu/environment/HelloWorld/simulation_ws/install/turtlebot3_description_reduced_mesh/share/turtlebot3_description_reduced_mesh/meshes/sensors/astra.dae
[0.668s] -- Up-to-date: /home/ubuntu/environment/HelloWorld/simulation_ws/install/turtlebot3_description_reduced_mesh/share/turtlebot3_description_reduced_mesh/meshes/sensors/astra.jpg
[0.668s] -- Up-to-date: /home/ubuntu/environment/HelloWorld/simulation_ws/install/turtlebot3_description_reduced_mesh/share/turtlebot3_description_reduced_mesh/meshes/sensors/r200.dae
[0.669s] -- Up-to-date: /home/ubuntu/environment/HelloWorld/simulation_ws/install/turtlebot3_description_reduced_mesh/share/turtlebot3_description_reduced_mesh/meshes/sensors/lds.stl
[0.669s] -- Up-to-date: /home/ubuntu/environment/HelloWorld/simulation_ws/install/turtlebot3_description_reduced_mesh/share/turtlebot3_description_reduced_mesh/meshes/wheels
[0.675s] -- Up-to-date: /home/ubuntu/environment/HelloWorld/simulation_ws/install/turtlebot3_description_reduced_mesh/share/turtlebot3_description_reduced_mesh/meshes/wheels/left_tire.stl
[0.676s] -- Up-to-date: /home/ubuntu/environment/HelloWorld/simulation_ws/install/turtlebot3_description_reduced_mesh/share/turtlebot3_description_reduced_mesh/meshes/wheels/right_tire.stl
[0.676s] -- Up-to-date: /home/ubuntu/environment/HelloWorld/simulation_ws/install/turtlebot3_description_reduced_mesh/share/turtlebot3_description_reduced_mesh/meshes/wheels/right_tire_reduced.stl
[0.677s] -- Up-to-date: /home/ubuntu/environment/HelloWorld/simulation_ws/install/turtlebot3_description_reduced_mesh/share/turtlebot3_description_reduced_mesh/meshes/wheels/left_tire_reduced.stl
[0.677s] -- Up-to-date: /home/ubuntu/environment/HelloWorld/simulation_ws/install/turtlebot3_description_reduced_mesh/share/turtlebot3_description_reduced_mesh/meshes/bases
[0.678s] -- Up-to-date: /home/ubuntu/environment/HelloWorld/simulation_ws/install/turtlebot3_description_reduced_mesh/share/turtlebot3_description_reduced_mesh/meshes/bases/waffle_pi_base_reduced.stl
[0.679s] -- Up-to-date: /home/ubuntu/environment/HelloWorld/simulation_ws/install/turtlebot3_description_reduced_mesh/share/turtlebot3_description_reduced_mesh/meshes/bases/burger_base.stl
[0.679s] -- Up-to-date: /home/ubuntu/environment/HelloWorld/simulation_ws/install/turtlebot3_description_reduced_mesh/share/turtlebot3_description_reduced_mesh/meshes/bases/waffle_pi_base.stl
[0.680s] -- Up-to-date: /home/ubuntu/environment/HelloWorld/simulation_ws/install/turtlebot3_description_reduced_mesh/share/turtlebot3_description_reduced_mesh/meshes/bases/waffle_base_for_open_manipulator.stl
[0.680s] -- Up-to-date: /home/ubuntu/environment/HelloWorld/simulation_ws/install/turtlebot3_description_reduced_mesh/share/turtlebot3_description_reduced_mesh/meshes/bases/waffle_pi_base_for_open_manipulator.stl
[0.681s] -- Up-to-date: /home/ubuntu/environment/HelloWorld/simulation_ws/install/turtlebot3_description_reduced_mesh/share/turtlebot3_description_reduced_mesh/meshes/bases/waffle_base.stl
[0.681s] -- Up-to-date: /home/ubuntu/environment/HelloWorld/simulation_ws/install/turtlebot3_description_reduced_mesh/share/turtlebot3_description_reduced_mesh/meshes/bases/burger_base_decimated.stl
[0.681s] -- Up-to-date: /home/ubuntu/environment/HelloWorld/simulation_ws/install/turtlebot3_description_reduced_mesh/share/turtlebot3_description_reduced_mesh/urdf
[0.683s] -- Up-to-date: /home/ubuntu/environment/HelloWorld/simulation_ws/install/turtlebot3_description_reduced_mesh/share/turtlebot3_description_reduced_mesh/urdf/turtlebot3_burger_for_autorace.gazebo.xacro
[0.684s] -- Up-to-date: /home/ubuntu/environment/HelloWorld/simulation_ws/install/turtlebot3_description_reduced_mesh/share/turtlebot3_description_reduced_mesh/urdf/turtlebot3_waffle_pi.gazebo.xacro
[0.684s] -- Up-to-date: /home/ubuntu/environment/HelloWorld/simulation_ws/install/turtlebot3_description_reduced_mesh/share/turtlebot3_description_reduced_mesh/urdf/turtlebot3_burger.urdf.xacro
[0.684s] -- Up-to-date: /home/ubuntu/environment/HelloWorld/simulation_ws/install/turtlebot3_description_reduced_mesh/share/turtlebot3_description_reduced_mesh/urdf/turtlebot3_waffle_for_open_manipulator.urdf.xacro
[0.685s] -- Up-to-date: /home/ubuntu/environment/HelloWorld/simulation_ws/install/turtlebot3_description_reduced_mesh/share/turtlebot3_description_reduced_mesh/urdf/common_properties.xacro
[0.686s] -- Up-to-date: /home/ubuntu/environment/HelloWorld/simulation_ws/install/turtlebot3_description_reduced_mesh/share/turtlebot3_description_reduced_mesh/urdf/turtlebot3_waffle_pi_for_open_manipulator.urdf.xacro
[0.686s] -- Up-to-date: /home/ubuntu/environment/HelloWorld/simulation_ws/install/turtlebot3_description_reduced_mesh/share/turtlebot3_description_reduced_mesh/urdf/turtlebot3_burger_for_autorace.urdf.xacro
[0.687s] -- Up-to-date: /home/ubuntu/environment/HelloWorld/simulation_ws/install/turtlebot3_description_reduced_mesh/share/turtlebot3_description_reduced_mesh/urdf/turtlebot3_waffle_pi.urdf.xacro
[0.687s] -- Up-to-date: /home/ubuntu/environment/HelloWorld/simulation_ws/install/turtlebot3_description_reduced_mesh/share/turtlebot3_description_reduced_mesh/urdf/turtlebot3_waffle.urdf.xacro
[0.687s] -- Up-to-date: /home/ubuntu/environment/HelloWorld/simulation_ws/install/turtlebot3_description_reduced_mesh/share/turtlebot3_description_reduced_mesh/urdf/turtlebot3_waffle.gazebo.xacro
[0.687s] -- Up-to-date: /home/ubuntu/environment/HelloWorld/simulation_ws/install/turtlebot3_description_reduced_mesh/share/turtlebot3_description_reduced_mesh/urdf/turtlebot3_burger.gazebo.xacro
[0.696s] Invoked command in '/home/ubuntu/environment/HelloWorld/simulation_ws/build/turtlebot3_description_reduced_mesh' returned '0': /usr/bin/cmake --build /home/ubuntu/environment/HelloWorld/simulation_ws/build/turtlebot3_description_reduced_mesh --target install -- -j2 -l2
