[0.068s] Invoking command in '/home/ubuntu/environment/HelloWorld/simulation_ws/build/hello_world_simulation': /usr/bin/cmake --build /home/ubuntu/environment/HelloWorld/simulation_ws/build/hello_world_simulation -- -j2 -l2
[0.199s] Built target hello_world_simulation_xacro_generated_to_devel_space_
[0.225s] Invoked command in '/home/ubuntu/environment/HelloWorld/simulation_ws/build/hello_world_simulation' returned '0': /usr/bin/cmake --build /home/ubuntu/environment/HelloWorld/simulation_ws/build/hello_world_simulation -- -j2 -l2
[0.488s] Invoking command in '/home/ubuntu/environment/HelloWorld/simulation_ws/build/hello_world_simulation': /usr/bin/cmake --build /home/ubuntu/environment/HelloWorld/simulation_ws/build/hello_world_simulation --target tests -- -j2 -l2
[0.715s] Built target tests
[0.740s] Invoked command in '/home/ubuntu/environment/HelloWorld/simulation_ws/build/hello_world_simulation' returned '0': /usr/bin/cmake --build /home/ubuntu/environment/HelloWorld/simulation_ws/build/hello_world_simulation --target tests -- -j2 -l2
[1.107s] Invoking command in '/home/ubuntu/environment/HelloWorld/simulation_ws/build/hello_world_simulation': /usr/bin/cmake --build /home/ubuntu/environment/HelloWorld/simulation_ws/build/hello_world_simulation --target install -- -j2 -l2
[1.232s] Built target hello_world_simulation_xacro_generated_to_devel_space_
[1.306s] [36mInstall the project...[0m
[1.308s] -- Install configuration: ""
[1.308s] -- Up-to-date: /home/ubuntu/environment/HelloWorld/simulation_ws/install/hello_world_simulation/lib/pkgconfig/hello_world_simulation.pc
[1.308s] -- Up-to-date: /home/ubuntu/environment/HelloWorld/simulation_ws/install/hello_world_simulation/share/hello_world_simulation/cmake/hello_world_simulationConfig.cmake
[1.308s] -- Up-to-date: /home/ubuntu/environment/HelloWorld/simulation_ws/install/hello_world_simulation/share/hello_world_simulation/cmake/hello_world_simulationConfig-version.cmake
[1.309s] -- Up-to-date: /home/ubuntu/environment/HelloWorld/simulation_ws/install/hello_world_simulation/share/hello_world_simulation/package.xml
[1.309s] -- Up-to-date: /home/ubuntu/environment/HelloWorld/simulation_ws/install/hello_world_simulation/share/hello_world_simulation/launch
[1.309s] -- Up-to-date: /home/ubuntu/environment/HelloWorld/simulation_ws/install/hello_world_simulation/share/hello_world_simulation/launch/view_empty_world.launch
[1.309s] -- Up-to-date: /home/ubuntu/environment/HelloWorld/simulation_ws/install/hello_world_simulation/share/hello_world_simulation/launch/empty_world.launch
[1.309s] -- Up-to-date: /home/ubuntu/environment/HelloWorld/simulation_ws/install/hello_world_simulation/share/hello_world_simulation/launch/worldforge_world.launch
[1.310s] -- Up-to-date: /home/ubuntu/environment/HelloWorld/simulation_ws/install/hello_world_simulation/share/hello_world_simulation/worlds
[1.313s] -- Up-to-date: /home/ubuntu/environment/HelloWorld/simulation_ws/install/hello_world_simulation/share/hello_world_simulation/worlds/empty.world
[1.313s] -- Up-to-date: /home/ubuntu/environment/HelloWorld/simulation_ws/install/hello_world_simulation/share/hello_world_simulation/rviz/turtlebot3_model.rviz
[1.438s] Invoked command in '/home/ubuntu/environment/HelloWorld/simulation_ws/build/hello_world_simulation' returned '0': /usr/bin/cmake --build /home/ubuntu/environment/HelloWorld/simulation_ws/build/hello_world_simulation --target install -- -j2 -l2
