Determining if the pthread_create exist failed with the following output:
Change Dir: /home/ubuntu/environment/HelloWorld/robot_ws/build/hello_world_robot/CMakeFiles/CMakeTmp

Run Build Command:"/usr/bin/make" "cmTC_96b9f/fast"
/usr/bin/make -f CMakeFiles/cmTC_96b9f.dir/build.make CMakeFiles/cmTC_96b9f.dir/build
make[1]: Entering directory '/home/ubuntu/environment/HelloWorld/robot_ws/build/hello_world_robot/CMakeFiles/CMakeTmp'
Building C object CMakeFiles/cmTC_96b9f.dir/CheckSymbolExists.c.o
/usr/bin/cc    -o CMakeFiles/cmTC_96b9f.dir/CheckSymbolExists.c.o   -c /home/ubuntu/environment/HelloWorld/robot_ws/build/hello_world_robot/CMakeFiles/CMakeTmp/CheckSymbolExists.c
Linking C executable cmTC_96b9f
/usr/bin/cmake -E cmake_link_script CMakeFiles/cmTC_96b9f.dir/link.txt --verbose=1
/usr/bin/cc      -rdynamic CMakeFiles/cmTC_96b9f.dir/CheckSymbolExists.c.o  -o cmTC_96b9f 
CMakeFiles/cmTC_96b9f.dir/CheckSymbolExists.c.o: In function `main':
CheckSymbolExists.c:(.text+0x1b): undefined reference to `pthread_create'
collect2: error: ld returned 1 exit status
CMakeFiles/cmTC_96b9f.dir/build.make:97: recipe for target 'cmTC_96b9f' failed
make[1]: *** [cmTC_96b9f] Error 1
make[1]: Leaving directory '/home/ubuntu/environment/HelloWorld/robot_ws/build/hello_world_robot/CMakeFiles/CMakeTmp'
Makefile:126: recipe for target 'cmTC_96b9f/fast' failed
make: *** [cmTC_96b9f/fast] Error 2

File /home/ubuntu/environment/HelloWorld/robot_ws/build/hello_world_robot/CMakeFiles/CMakeTmp/CheckSymbolExists.c:
/* */
#include <pthread.h>

int main(int argc, char** argv)
{
  (void)argv;
#ifndef pthread_create
  return ((int*)(&pthread_create))[argc];
#else
  (void)argc;
  return 0;
#endif
}

Determining if the function pthread_create exists in the pthreads failed with the following output:
Change Dir: /home/ubuntu/environment/HelloWorld/robot_ws/build/hello_world_robot/CMakeFiles/CMakeTmp

Run Build Command:"/usr/bin/make" "cmTC_9854d/fast"
/usr/bin/make -f CMakeFiles/cmTC_9854d.dir/build.make CMakeFiles/cmTC_9854d.dir/build
make[1]: Entering directory '/home/ubuntu/environment/HelloWorld/robot_ws/build/hello_world_robot/CMakeFiles/CMakeTmp'
Building C object CMakeFiles/cmTC_9854d.dir/CheckFunctionExists.c.o
/usr/bin/cc   -DCHECK_FUNCTION_EXISTS=pthread_create   -o CMakeFiles/cmTC_9854d.dir/CheckFunctionExists.c.o   -c /usr/share/cmake-3.10/Modules/CheckFunctionExists.c
Linking C executable cmTC_9854d
/usr/bin/cmake -E cmake_link_script CMakeFiles/cmTC_9854d.dir/link.txt --verbose=1
/usr/bin/cc  -DCHECK_FUNCTION_EXISTS=pthread_create    -rdynamic CMakeFiles/cmTC_9854d.dir/CheckFunctionExists.c.o  -o cmTC_9854d -lpthreads 
/usr/bin/ld: cannot find -lpthreads
collect2: error: ld returned 1 exit status
CMakeFiles/cmTC_9854d.dir/build.make:97: recipe for target 'cmTC_9854d' failed
make[1]: *** [cmTC_9854d] Error 1
make[1]: Leaving directory '/home/ubuntu/environment/HelloWorld/robot_ws/build/hello_world_robot/CMakeFiles/CMakeTmp'
Makefile:126: recipe for target 'cmTC_9854d/fast' failed
make: *** [cmTC_9854d/fast] Error 2


