[0.916s] DEBUG:colcon:Command line arguments: ['/usr/local/bin/colcon', 'build']
[0.916s] DEBUG:colcon:Parsed command line arguments: Namespace(ament_cmake_args=None, base_paths=['.'], build_base='build', catkin_cmake_args=None, catkin_skip_building_tests=False, cmake_args=None, cmake_clean_cache=False, cmake_clean_first=False, cmake_force_configure=False, cmake_target=None, cmake_target_skip_unavailable=False, continue_on_error=False, event_handlers=None, executor='parallel', ignore_user_meta=False, install_base='install', log_base=None, log_level=None, main=<bound method BuildVerb.main of <colcon_core.verb.build.BuildVerb object at 0x7ff2a64130f0>>, merge_install=False, metas=['./colcon.meta'], packages_above=None, packages_above_and_dependencies=None, packages_above_depth=None, packages_end=None, packages_ignore=None, packages_ignore_regex=None, packages_select=None, packages_select_build_failed=False, packages_select_by_dep=None, packages_select_regex=None, packages_select_test_failures=False, packages_skip=None, packages_skip_build_finished=False, packages_skip_by_dep=None, packages_skip_regex=None, packages_skip_test_passed=False, packages_skip_up_to=None, packages_start=None, packages_up_to=None, packages_up_to_regex=None, parallel_workers=2, paths=None, symlink_install=False, test_result_base=None, verb_extension=<colcon_core.verb.build.BuildVerb object at 0x7ff2a64130f0>, verb_name='build', verb_parser=<colcon_defaults.argument_parser.defaults.DefaultArgumentsDecorator object at 0x7ff2a6413470>)
[0.948s] Level 1:colcon.colcon_core.package_discovery:discover_packages(colcon_meta) check parameters
[0.949s] Level 1:colcon.colcon_core.package_discovery:discover_packages(recursive) check parameters
[0.949s] Level 1:colcon.colcon_core.package_discovery:discover_packages(ignore) check parameters
[0.949s] Level 1:colcon.colcon_core.package_discovery:discover_packages(path) check parameters
[0.949s] Level 1:colcon.colcon_core.package_discovery:discover_packages(colcon_meta) discover
[0.949s] Level 1:colcon.colcon_core.package_discovery:discover_packages(recursive) discover
[0.949s] INFO:colcon.colcon_core.package_discovery:Crawling recursively for packages in '/home/ubuntu/environment/HelloWorld/robot_ws'
[0.949s] Level 1:colcon.colcon_core.package_identification:_identify(.) by extensions ['ignore', 'ignore_ament_install']
[0.950s] Level 1:colcon.colcon_core.package_identification:_identify(.) by extension 'ignore'
[0.950s] Level 1:colcon.colcon_core.package_identification:_identify(.) by extension 'ignore_ament_install'
[0.950s] Level 1:colcon.colcon_core.package_identification:_identify(.) by extensions ['colcon_pkg']
[0.950s] Level 1:colcon.colcon_core.package_identification:_identify(.) by extension 'colcon_pkg'
[0.950s] Level 1:colcon.colcon_core.package_identification:_identify(.) by extensions ['colcon_meta']
[0.950s] Level 1:colcon.colcon_core.package_identification:_identify(.) by extension 'colcon_meta'
[0.950s] Level 1:colcon.colcon_core.package_identification:_identify(.) by extensions ['ros']
[0.950s] Level 1:colcon.colcon_core.package_identification:_identify(.) by extension 'ros'
[0.967s] Level 1:colcon.colcon_core.package_identification:_identify(.) by extensions ['cmake', 'python']
[0.967s] Level 1:colcon.colcon_core.package_identification:_identify(.) by extension 'cmake'
[0.967s] Level 1:colcon.colcon_core.package_identification:_identify(.) by extension 'python'
[0.967s] Level 1:colcon.colcon_core.package_identification:_identify(.) by extensions ['python_setup_py']
[0.968s] Level 1:colcon.colcon_core.package_identification:_identify(.) by extension 'python_setup_py'
[0.968s] Level 1:colcon.colcon_core.package_identification:_identify(build) by extensions ['ignore', 'ignore_ament_install']
[0.968s] Level 1:colcon.colcon_core.package_identification:_identify(build) by extension 'ignore'
[0.968s] Level 1:colcon.colcon_core.package_identification:_identify(build) ignored
[0.968s] Level 1:colcon.colcon_core.package_identification:_identify(bundle) by extensions ['ignore', 'ignore_ament_install']
[0.969s] Level 1:colcon.colcon_core.package_identification:_identify(bundle) by extension 'ignore'
[0.969s] Level 1:colcon.colcon_core.package_identification:_identify(bundle) ignored
[0.969s] Level 1:colcon.colcon_core.package_identification:_identify(install) by extensions ['ignore', 'ignore_ament_install']
[0.969s] Level 1:colcon.colcon_core.package_identification:_identify(install) by extension 'ignore'
[0.969s] Level 1:colcon.colcon_core.package_identification:_identify(install) ignored
[0.969s] Level 1:colcon.colcon_core.package_identification:_identify(log) by extensions ['ignore', 'ignore_ament_install']
[0.970s] Level 1:colcon.colcon_core.package_identification:_identify(log) by extension 'ignore'
[0.970s] Level 1:colcon.colcon_core.package_identification:_identify(log) ignored
[0.970s] Level 1:colcon.colcon_core.package_identification:_identify(src) by extensions ['ignore', 'ignore_ament_install']
[0.970s] Level 1:colcon.colcon_core.package_identification:_identify(src) by extension 'ignore'
[0.970s] Level 1:colcon.colcon_core.package_identification:_identify(src) by extension 'ignore_ament_install'
[0.970s] Level 1:colcon.colcon_core.package_identification:_identify(src) by extensions ['colcon_pkg']
[0.970s] Level 1:colcon.colcon_core.package_identification:_identify(src) by extension 'colcon_pkg'
[0.970s] Level 1:colcon.colcon_core.package_identification:_identify(src) by extensions ['colcon_meta']
[0.970s] Level 1:colcon.colcon_core.package_identification:_identify(src) by extension 'colcon_meta'
[0.971s] Level 1:colcon.colcon_core.package_identification:_identify(src) by extensions ['ros']
[0.971s] Level 1:colcon.colcon_core.package_identification:_identify(src) by extension 'ros'
[0.971s] Level 1:colcon.colcon_core.package_identification:_identify(src) by extensions ['cmake', 'python']
[0.971s] Level 1:colcon.colcon_core.package_identification:_identify(src) by extension 'cmake'
[0.971s] Level 1:colcon.colcon_core.package_identification:_identify(src) by extension 'python'
[0.971s] Level 1:colcon.colcon_core.package_identification:_identify(src) by extensions ['python_setup_py']
[0.971s] Level 1:colcon.colcon_core.package_identification:_identify(src) by extension 'python_setup_py'
[0.971s] Level 1:colcon.colcon_core.package_identification:_identify(src/deps) by extensions ['ignore', 'ignore_ament_install']
[0.971s] Level 1:colcon.colcon_core.package_identification:_identify(src/deps) by extension 'ignore'
[0.971s] Level 1:colcon.colcon_core.package_identification:_identify(src/deps) by extension 'ignore_ament_install'
[0.971s] Level 1:colcon.colcon_core.package_identification:_identify(src/deps) by extensions ['colcon_pkg']
[0.971s] Level 1:colcon.colcon_core.package_identification:_identify(src/deps) by extension 'colcon_pkg'
[0.972s] Level 1:colcon.colcon_core.package_identification:_identify(src/deps) by extensions ['colcon_meta']
[0.972s] Level 1:colcon.colcon_core.package_identification:_identify(src/deps) by extension 'colcon_meta'
[0.972s] Level 1:colcon.colcon_core.package_identification:_identify(src/deps) by extensions ['ros']
[0.972s] Level 1:colcon.colcon_core.package_identification:_identify(src/deps) by extension 'ros'
[0.972s] Level 1:colcon.colcon_core.package_identification:_identify(src/deps) by extensions ['cmake', 'python']
[0.972s] Level 1:colcon.colcon_core.package_identification:_identify(src/deps) by extension 'cmake'
[0.972s] Level 1:colcon.colcon_core.package_identification:_identify(src/deps) by extension 'python'
[0.972s] Level 1:colcon.colcon_core.package_identification:_identify(src/deps) by extensions ['python_setup_py']
[0.972s] Level 1:colcon.colcon_core.package_identification:_identify(src/deps) by extension 'python_setup_py'
[0.972s] Level 1:colcon.colcon_core.package_identification:_identify(src/deps/turtlebot3-description-reduced-mesh) by extensions ['ignore', 'ignore_ament_install']
[0.973s] Level 1:colcon.colcon_core.package_identification:_identify(src/deps/turtlebot3-description-reduced-mesh) by extension 'ignore'
[0.973s] Level 1:colcon.colcon_core.package_identification:_identify(src/deps/turtlebot3-description-reduced-mesh) by extension 'ignore_ament_install'
[0.973s] Level 1:colcon.colcon_core.package_identification:_identify(src/deps/turtlebot3-description-reduced-mesh) by extensions ['colcon_pkg']
[0.973s] Level 1:colcon.colcon_core.package_identification:_identify(src/deps/turtlebot3-description-reduced-mesh) by extension 'colcon_pkg'
[0.973s] Level 1:colcon.colcon_core.package_identification:_identify(src/deps/turtlebot3-description-reduced-mesh) by extensions ['colcon_meta']
[0.973s] Level 1:colcon.colcon_core.package_identification:_identify(src/deps/turtlebot3-description-reduced-mesh) by extension 'colcon_meta'
[0.973s] Level 1:colcon.colcon_core.package_identification:_identify(src/deps/turtlebot3-description-reduced-mesh) by extensions ['ros']
[0.973s] Level 1:colcon.colcon_core.package_identification:_identify(src/deps/turtlebot3-description-reduced-mesh) by extension 'ros'
[0.976s] DEBUG:colcon.colcon_core.package_identification:Package 'src/deps/turtlebot3-description-reduced-mesh' with type 'ros.catkin' and name 'turtlebot3_description_reduced_mesh'
[0.976s] Level 1:colcon.colcon_core.package_identification:_identify(src/hello_world_robot) by extensions ['ignore', 'ignore_ament_install']
[0.977s] Level 1:colcon.colcon_core.package_identification:_identify(src/hello_world_robot) by extension 'ignore'
[0.977s] Level 1:colcon.colcon_core.package_identification:_identify(src/hello_world_robot) by extension 'ignore_ament_install'
[0.977s] Level 1:colcon.colcon_core.package_identification:_identify(src/hello_world_robot) by extensions ['colcon_pkg']
[0.977s] Level 1:colcon.colcon_core.package_identification:_identify(src/hello_world_robot) by extension 'colcon_pkg'
[0.977s] Level 1:colcon.colcon_core.package_identification:_identify(src/hello_world_robot) by extensions ['colcon_meta']
[0.977s] Level 1:colcon.colcon_core.package_identification:_identify(src/hello_world_robot) by extension 'colcon_meta'
[0.977s] Level 1:colcon.colcon_core.package_identification:_identify(src/hello_world_robot) by extensions ['ros']
[0.977s] Level 1:colcon.colcon_core.package_identification:_identify(src/hello_world_robot) by extension 'ros'
[0.979s] DEBUG:colcon.colcon_core.package_identification:Package 'src/hello_world_robot' with type 'ros.catkin' and name 'hello_world_robot'
[0.979s] Level 1:colcon.colcon_core.package_discovery:discover_packages(recursive) using defaults
[0.980s] Level 1:colcon.colcon_core.package_discovery:discover_packages(ignore) discover
[0.980s] Level 1:colcon.colcon_core.package_discovery:discover_packages(ignore) using defaults
[0.980s] Level 1:colcon.colcon_core.package_discovery:discover_packages(path) discover
[0.980s] Level 1:colcon.colcon_core.package_discovery:discover_packages(path) using defaults
[1.059s] Level 5:colcon.colcon_core.verb:set package 'turtlebot3_description_reduced_mesh' build argument 'cmake_args' from command line to 'None'
[1.059s] Level 5:colcon.colcon_core.verb:set package 'turtlebot3_description_reduced_mesh' build argument 'cmake_target' from command line to 'None'
[1.059s] Level 5:colcon.colcon_core.verb:set package 'turtlebot3_description_reduced_mesh' build argument 'cmake_target_skip_unavailable' from command line to 'False'
[1.060s] Level 5:colcon.colcon_core.verb:set package 'turtlebot3_description_reduced_mesh' build argument 'cmake_clean_cache' from command line to 'False'
[1.060s] Level 5:colcon.colcon_core.verb:set package 'turtlebot3_description_reduced_mesh' build argument 'cmake_clean_first' from command line to 'False'
[1.060s] Level 5:colcon.colcon_core.verb:set package 'turtlebot3_description_reduced_mesh' build argument 'cmake_force_configure' from command line to 'False'
[1.060s] Level 5:colcon.colcon_core.verb:set package 'turtlebot3_description_reduced_mesh' build argument 'ament_cmake_args' from command line to 'None'
[1.060s] Level 5:colcon.colcon_core.verb:set package 'turtlebot3_description_reduced_mesh' build argument 'catkin_cmake_args' from command line to 'None'
[1.060s] Level 5:colcon.colcon_core.verb:set package 'turtlebot3_description_reduced_mesh' build argument 'catkin_skip_building_tests' from command line to 'False'
[1.060s] DEBUG:colcon.colcon_core.verb:Building package 'turtlebot3_description_reduced_mesh' with the following arguments: {'ament_cmake_args': None, 'build_base': '/home/ubuntu/environment/HelloWorld/robot_ws/build/turtlebot3_description_reduced_mesh', 'catkin_cmake_args': None, 'catkin_skip_building_tests': False, 'cmake_args': None, 'cmake_clean_cache': False, 'cmake_clean_first': False, 'cmake_force_configure': False, 'cmake_target': None, 'cmake_target_skip_unavailable': False, 'install_base': '/home/ubuntu/environment/HelloWorld/robot_ws/install/turtlebot3_description_reduced_mesh', 'merge_install': False, 'path': '/home/ubuntu/environment/HelloWorld/robot_ws/src/deps/turtlebot3-description-reduced-mesh', 'symlink_install': False, 'test_result_base': None}
[1.078s] Level 5:colcon.colcon_core.verb:set package 'hello_world_robot' build argument 'cmake_args' from command line to 'None'
[1.078s] Level 5:colcon.colcon_core.verb:set package 'hello_world_robot' build argument 'cmake_target' from command line to 'None'
[1.078s] Level 5:colcon.colcon_core.verb:set package 'hello_world_robot' build argument 'cmake_target_skip_unavailable' from command line to 'False'
[1.078s] Level 5:colcon.colcon_core.verb:set package 'hello_world_robot' build argument 'cmake_clean_cache' from command line to 'False'
[1.078s] Level 5:colcon.colcon_core.verb:set package 'hello_world_robot' build argument 'cmake_clean_first' from command line to 'False'
[1.078s] Level 5:colcon.colcon_core.verb:set package 'hello_world_robot' build argument 'cmake_force_configure' from command line to 'False'
[1.078s] Level 5:colcon.colcon_core.verb:set package 'hello_world_robot' build argument 'ament_cmake_args' from command line to 'None'
[1.078s] Level 5:colcon.colcon_core.verb:set package 'hello_world_robot' build argument 'catkin_cmake_args' from command line to 'None'
[1.078s] Level 5:colcon.colcon_core.verb:set package 'hello_world_robot' build argument 'catkin_skip_building_tests' from command line to 'False'
[1.078s] DEBUG:colcon.colcon_core.verb:Building package 'hello_world_robot' with the following arguments: {'ament_cmake_args': None, 'build_base': '/home/ubuntu/environment/HelloWorld/robot_ws/build/hello_world_robot', 'catkin_cmake_args': None, 'catkin_skip_building_tests': False, 'cmake_args': None, 'cmake_clean_cache': False, 'cmake_clean_first': False, 'cmake_force_configure': False, 'cmake_target': None, 'cmake_target_skip_unavailable': False, 'install_base': '/home/ubuntu/environment/HelloWorld/robot_ws/install/hello_world_robot', 'merge_install': False, 'path': '/home/ubuntu/environment/HelloWorld/robot_ws/src/hello_world_robot', 'symlink_install': False, 'test_result_base': None}
[1.083s] INFO:colcon.colcon_core.executor:Executing jobs using 'parallel' executor
[1.113s] DEBUG:colcon.colcon_parallel_executor.executor.parallel:run_until_complete
[1.114s] INFO:colcon.colcon_ros.task.catkin.build:Building ROS package in '/home/ubuntu/environment/HelloWorld/robot_ws/src/deps/turtlebot3-description-reduced-mesh' with build type 'catkin'
[1.114s] INFO:colcon.colcon_cmake.task.cmake.build:Building CMake package in '/home/ubuntu/environment/HelloWorld/robot_ws/src/deps/turtlebot3-description-reduced-mesh'
[1.133s] INFO:colcon.colcon_core.plugin_system:Skipping extension 'colcon_core.shell.bat': Not used on non-Windows systems
[1.133s] INFO:colcon.colcon_core.shell:Skip shell extension 'powershell' for command environment: Not usable outside of PowerShell
[1.133s] DEBUG:colcon.colcon_core.shell:Skip shell extension 'dsv' for command environment
[1.144s] DEBUG:colcon.colcon_core.shell:Ignoring prefix path '/opt/ros/melodic'
[1.157s] DEBUG:colcon.colcon_core.event_handler.log_command:Invoking command in '/home/ubuntu/environment/HelloWorld/robot_ws/build/turtlebot3_description_reduced_mesh': /usr/bin/cmake --build /home/ubuntu/environment/HelloWorld/robot_ws/build/turtlebot3_description_reduced_mesh -- -j2 -l2
[1.210s] DEBUG:colcon.colcon_core.event_handler.log_command:Invoked command in '/home/ubuntu/environment/HelloWorld/robot_ws/build/turtlebot3_description_reduced_mesh' returned '0': /usr/bin/cmake --build /home/ubuntu/environment/HelloWorld/robot_ws/build/turtlebot3_description_reduced_mesh -- -j2 -l2
[1.295s] DEBUG:colcon.colcon_core.event_handler.log_command:Invoking command in '/home/ubuntu/environment/HelloWorld/robot_ws/build/turtlebot3_description_reduced_mesh': /usr/bin/cmake --build /home/ubuntu/environment/HelloWorld/robot_ws/build/turtlebot3_description_reduced_mesh --target tests -- -j2 -l2
[1.385s] DEBUG:colcon.colcon_core.event_handler.log_command:Invoked command in '/home/ubuntu/environment/HelloWorld/robot_ws/build/turtlebot3_description_reduced_mesh' returned '0': /usr/bin/cmake --build /home/ubuntu/environment/HelloWorld/robot_ws/build/turtlebot3_description_reduced_mesh --target tests -- -j2 -l2
[1.484s] DEBUG:colcon.colcon_core.event_handler.log_command:Invoking command in '/home/ubuntu/environment/HelloWorld/robot_ws/build/turtlebot3_description_reduced_mesh': /usr/bin/cmake --build /home/ubuntu/environment/HelloWorld/robot_ws/build/turtlebot3_description_reduced_mesh --target install -- -j2 -l2
[1.565s] DEBUG:colcon.colcon_core.event_handler.log_command:Invoked command in '/home/ubuntu/environment/HelloWorld/robot_ws/build/turtlebot3_description_reduced_mesh' returned '0': /usr/bin/cmake --build /home/ubuntu/environment/HelloWorld/robot_ws/build/turtlebot3_description_reduced_mesh --target install -- -j2 -l2
[1.647s] Level 1:colcon.colcon_core.shell:create_environment_hook('turtlebot3_description_reduced_mesh', 'ros_package_path')
[1.661s] INFO:colcon.colcon_core.shell:Creating environment hook '/home/ubuntu/environment/HelloWorld/robot_ws/install/turtlebot3_description_reduced_mesh/share/turtlebot3_description_reduced_mesh/hook/ros_package_path.ps1'
[1.662s] INFO:colcon.colcon_core.shell:Creating environment descriptor '/home/ubuntu/environment/HelloWorld/robot_ws/install/turtlebot3_description_reduced_mesh/share/turtlebot3_description_reduced_mesh/hook/ros_package_path.dsv'
[1.662s] INFO:colcon.colcon_core.shell:Creating environment hook '/home/ubuntu/environment/HelloWorld/robot_ws/install/turtlebot3_description_reduced_mesh/share/turtlebot3_description_reduced_mesh/hook/ros_package_path.sh'
[1.664s] Level 1:colcon.colcon_ros.task.catkin:checking '/home/ubuntu/environment/HelloWorld/robot_ws/install/turtlebot3_description_reduced_mesh/lib/python2.7/dist-packages'
[1.664s] Level 1:colcon.colcon_core.shell:create_environment_hook('turtlebot3_description_reduced_mesh', 'pkg_config_path')
[1.677s] INFO:colcon.colcon_core.shell:Creating environment hook '/home/ubuntu/environment/HelloWorld/robot_ws/install/turtlebot3_description_reduced_mesh/share/turtlebot3_description_reduced_mesh/hook/pkg_config_path.ps1'
[1.677s] INFO:colcon.colcon_core.shell:Creating environment descriptor '/home/ubuntu/environment/HelloWorld/robot_ws/install/turtlebot3_description_reduced_mesh/share/turtlebot3_description_reduced_mesh/hook/pkg_config_path.dsv'
[1.677s] INFO:colcon.colcon_core.shell:Creating environment hook '/home/ubuntu/environment/HelloWorld/robot_ws/install/turtlebot3_description_reduced_mesh/share/turtlebot3_description_reduced_mesh/hook/pkg_config_path.sh'
[1.681s] Level 1:colcon.colcon_core.shell:create_environment_hook('turtlebot3_description_reduced_mesh', 'pkg_config_path_multiarch')
[1.695s] INFO:colcon.colcon_core.shell:Creating environment hook '/home/ubuntu/environment/HelloWorld/robot_ws/install/turtlebot3_description_reduced_mesh/share/turtlebot3_description_reduced_mesh/hook/pkg_config_path_multiarch.ps1'
[1.696s] INFO:colcon.colcon_core.shell:Creating environment descriptor '/home/ubuntu/environment/HelloWorld/robot_ws/install/turtlebot3_description_reduced_mesh/share/turtlebot3_description_reduced_mesh/hook/pkg_config_path_multiarch.dsv'
[1.696s] INFO:colcon.colcon_core.shell:Creating environment hook '/home/ubuntu/environment/HelloWorld/robot_ws/install/turtlebot3_description_reduced_mesh/share/turtlebot3_description_reduced_mesh/hook/pkg_config_path_multiarch.sh'
[1.710s] Level 1:colcon.colcon_core.environment:create_environment_scripts_only(turtlebot3_description_reduced_mesh)
[1.728s] Level 1:colcon.colcon_core.environment:checking '/home/ubuntu/environment/HelloWorld/robot_ws/install/turtlebot3_description_reduced_mesh' for CMake module files
[1.729s] Level 1:colcon.colcon_core.environment:checking '/home/ubuntu/environment/HelloWorld/robot_ws/install/turtlebot3_description_reduced_mesh' for CMake config files
[1.729s] Level 1:colcon.colcon_core.shell:create_environment_hook('turtlebot3_description_reduced_mesh', 'cmake_prefix_path')
[1.742s] INFO:colcon.colcon_core.shell:Creating environment hook '/home/ubuntu/environment/HelloWorld/robot_ws/install/turtlebot3_description_reduced_mesh/share/turtlebot3_description_reduced_mesh/hook/cmake_prefix_path.ps1'
[1.742s] INFO:colcon.colcon_core.shell:Creating environment descriptor '/home/ubuntu/environment/HelloWorld/robot_ws/install/turtlebot3_description_reduced_mesh/share/turtlebot3_description_reduced_mesh/hook/cmake_prefix_path.dsv'
[1.743s] INFO:colcon.colcon_core.shell:Creating environment hook '/home/ubuntu/environment/HelloWorld/robot_ws/install/turtlebot3_description_reduced_mesh/share/turtlebot3_description_reduced_mesh/hook/cmake_prefix_path.sh'
[1.744s] Level 1:colcon.colcon_core.environment:checking '/home/ubuntu/environment/HelloWorld/robot_ws/install/turtlebot3_description_reduced_mesh/lib'
[1.744s] Level 1:colcon.colcon_core.environment:checking '/home/ubuntu/environment/HelloWorld/robot_ws/install/turtlebot3_description_reduced_mesh/bin'
[1.745s] Level 1:colcon.colcon_core.environment:checking '/home/ubuntu/environment/HelloWorld/robot_ws/install/turtlebot3_description_reduced_mesh/lib/pkgconfig/turtlebot3_description_reduced_mesh.pc'
[1.745s] Level 1:colcon.colcon_core.shell:create_environment_hook('turtlebot3_description_reduced_mesh', 'pkg_config')
[1.758s] INFO:colcon.colcon_core.shell:Creating environment hook '/home/ubuntu/environment/HelloWorld/robot_ws/install/turtlebot3_description_reduced_mesh/share/turtlebot3_description_reduced_mesh/hook/pkg_config.ps1'
[1.758s] INFO:colcon.colcon_core.shell:Creating environment descriptor '/home/ubuntu/environment/HelloWorld/robot_ws/install/turtlebot3_description_reduced_mesh/share/turtlebot3_description_reduced_mesh/hook/pkg_config.dsv'
[1.759s] INFO:colcon.colcon_core.shell:Creating environment hook '/home/ubuntu/environment/HelloWorld/robot_ws/install/turtlebot3_description_reduced_mesh/share/turtlebot3_description_reduced_mesh/hook/pkg_config.sh'
[1.759s] Level 1:colcon.colcon_core.environment:checking '/home/ubuntu/environment/HelloWorld/robot_ws/install/turtlebot3_description_reduced_mesh/lib/python3.6/site-packages'
[1.773s] INFO:colcon.colcon_core.shell:Creating package script '/home/ubuntu/environment/HelloWorld/robot_ws/install/turtlebot3_description_reduced_mesh/share/turtlebot3_description_reduced_mesh/package.ps1'
[1.774s] INFO:colcon.colcon_core.shell:Creating package descriptor '/home/ubuntu/environment/HelloWorld/robot_ws/install/turtlebot3_description_reduced_mesh/share/turtlebot3_description_reduced_mesh/package.dsv'
[1.775s] INFO:colcon.colcon_core.shell:Creating package script '/home/ubuntu/environment/HelloWorld/robot_ws/install/turtlebot3_description_reduced_mesh/share/turtlebot3_description_reduced_mesh/package.sh'
[1.776s] INFO:colcon.colcon_core.shell:Creating package script '/home/ubuntu/environment/HelloWorld/robot_ws/install/turtlebot3_description_reduced_mesh/share/turtlebot3_description_reduced_mesh/package.bash'
[1.777s] INFO:colcon.colcon_core.shell:Creating package script '/home/ubuntu/environment/HelloWorld/robot_ws/install/turtlebot3_description_reduced_mesh/share/turtlebot3_description_reduced_mesh/package.zsh'
[1.778s] Level 1:colcon.colcon_core.environment:create_file_with_runtime_dependencies(/home/ubuntu/environment/HelloWorld/robot_ws/install/turtlebot3_description_reduced_mesh/share/colcon-core/packages/turtlebot3_description_reduced_mesh)
[1.779s] INFO:colcon.colcon_ros.task.catkin.build:Building ROS package in '/home/ubuntu/environment/HelloWorld/robot_ws/src/hello_world_robot' with build type 'catkin'
[1.780s] INFO:colcon.colcon_cmake.task.cmake.build:Building CMake package in '/home/ubuntu/environment/HelloWorld/robot_ws/src/hello_world_robot'
[1.794s] INFO:colcon.colcon_core.shell:Skip shell extension 'powershell' for command environment: Not usable outside of PowerShell
[1.794s] DEBUG:colcon.colcon_core.shell:Skip shell extension 'dsv' for command environment
[1.804s] DEBUG:colcon.colcon_core.shell:Ignoring prefix path '/opt/ros/melodic'
[1.817s] DEBUG:colcon.colcon_core.event_handler.log_command:Invoking command in '/home/ubuntu/environment/HelloWorld/robot_ws/build/hello_world_robot': CMAKE_PREFIX_PATH=/home/ubuntu/environment/HelloWorld/robot_ws/install/turtlebot3_description_reduced_mesh:${CMAKE_PREFIX_PATH} PKG_CONFIG_PATH=/home/ubuntu/environment/HelloWorld/robot_ws/install/turtlebot3_description_reduced_mesh/lib/x86_64-linux-gnu/pkgconfig:/home/ubuntu/environment/HelloWorld/robot_ws/install/turtlebot3_description_reduced_mesh/lib/pkgconfig:${PKG_CONFIG_PATH} ROS_PACKAGE_PATH=/home/ubuntu/environment/HelloWorld/robot_ws/install/turtlebot3_description_reduced_mesh/share:${ROS_PACKAGE_PATH} /usr/bin/cmake --build /home/ubuntu/environment/HelloWorld/robot_ws/build/hello_world_robot -- -j2 -l2
[3.000s] DEBUG:colcon.colcon_core.event_handler.log_command:Invoked command in '/home/ubuntu/environment/HelloWorld/robot_ws/build/hello_world_robot' returned '0': CMAKE_PREFIX_PATH=/home/ubuntu/environment/HelloWorld/robot_ws/install/turtlebot3_description_reduced_mesh:${CMAKE_PREFIX_PATH} PKG_CONFIG_PATH=/home/ubuntu/environment/HelloWorld/robot_ws/install/turtlebot3_description_reduced_mesh/lib/x86_64-linux-gnu/pkgconfig:/home/ubuntu/environment/HelloWorld/robot_ws/install/turtlebot3_description_reduced_mesh/lib/pkgconfig:${PKG_CONFIG_PATH} ROS_PACKAGE_PATH=/home/ubuntu/environment/HelloWorld/robot_ws/install/turtlebot3_description_reduced_mesh/share:${ROS_PACKAGE_PATH} /usr/bin/cmake --build /home/ubuntu/environment/HelloWorld/robot_ws/build/hello_world_robot -- -j2 -l2
[3.064s] DEBUG:colcon.colcon_core.event_handler.log_command:Invoking command in '/home/ubuntu/environment/HelloWorld/robot_ws/build/hello_world_robot': CMAKE_PREFIX_PATH=/home/ubuntu/environment/HelloWorld/robot_ws/install/turtlebot3_description_reduced_mesh:${CMAKE_PREFIX_PATH} PKG_CONFIG_PATH=/home/ubuntu/environment/HelloWorld/robot_ws/install/turtlebot3_description_reduced_mesh/lib/x86_64-linux-gnu/pkgconfig:/home/ubuntu/environment/HelloWorld/robot_ws/install/turtlebot3_description_reduced_mesh/lib/pkgconfig:${PKG_CONFIG_PATH} ROS_PACKAGE_PATH=/home/ubuntu/environment/HelloWorld/robot_ws/install/turtlebot3_description_reduced_mesh/share:${ROS_PACKAGE_PATH} /usr/bin/cmake --build /home/ubuntu/environment/HelloWorld/robot_ws/build/hello_world_robot --target tests -- -j2 -l2
[3.152s] DEBUG:colcon.colcon_core.event_handler.log_command:Invoked command in '/home/ubuntu/environment/HelloWorld/robot_ws/build/hello_world_robot' returned '0': CMAKE_PREFIX_PATH=/home/ubuntu/environment/HelloWorld/robot_ws/install/turtlebot3_description_reduced_mesh:${CMAKE_PREFIX_PATH} PKG_CONFIG_PATH=/home/ubuntu/environment/HelloWorld/robot_ws/install/turtlebot3_description_reduced_mesh/lib/x86_64-linux-gnu/pkgconfig:/home/ubuntu/environment/HelloWorld/robot_ws/install/turtlebot3_description_reduced_mesh/lib/pkgconfig:${PKG_CONFIG_PATH} ROS_PACKAGE_PATH=/home/ubuntu/environment/HelloWorld/robot_ws/install/turtlebot3_description_reduced_mesh/share:${ROS_PACKAGE_PATH} /usr/bin/cmake --build /home/ubuntu/environment/HelloWorld/robot_ws/build/hello_world_robot --target tests -- -j2 -l2
[3.213s] DEBUG:colcon.colcon_core.event_handler.log_command:Invoking command in '/home/ubuntu/environment/HelloWorld/robot_ws/build/hello_world_robot': CMAKE_PREFIX_PATH=/home/ubuntu/environment/HelloWorld/robot_ws/install/turtlebot3_description_reduced_mesh:${CMAKE_PREFIX_PATH} PKG_CONFIG_PATH=/home/ubuntu/environment/HelloWorld/robot_ws/install/turtlebot3_description_reduced_mesh/lib/x86_64-linux-gnu/pkgconfig:/home/ubuntu/environment/HelloWorld/robot_ws/install/turtlebot3_description_reduced_mesh/lib/pkgconfig:${PKG_CONFIG_PATH} ROS_PACKAGE_PATH=/home/ubuntu/environment/HelloWorld/robot_ws/install/turtlebot3_description_reduced_mesh/share:${ROS_PACKAGE_PATH} /usr/bin/cmake --build /home/ubuntu/environment/HelloWorld/robot_ws/build/hello_world_robot --target install -- -j2 -l2
[3.367s] DEBUG:colcon.colcon_core.event_handler.log_command:Invoked command in '/home/ubuntu/environment/HelloWorld/robot_ws/build/hello_world_robot' returned '0': CMAKE_PREFIX_PATH=/home/ubuntu/environment/HelloWorld/robot_ws/install/turtlebot3_description_reduced_mesh:${CMAKE_PREFIX_PATH} PKG_CONFIG_PATH=/home/ubuntu/environment/HelloWorld/robot_ws/install/turtlebot3_description_reduced_mesh/lib/x86_64-linux-gnu/pkgconfig:/home/ubuntu/environment/HelloWorld/robot_ws/install/turtlebot3_description_reduced_mesh/lib/pkgconfig:${PKG_CONFIG_PATH} ROS_PACKAGE_PATH=/home/ubuntu/environment/HelloWorld/robot_ws/install/turtlebot3_description_reduced_mesh/share:${ROS_PACKAGE_PATH} /usr/bin/cmake --build /home/ubuntu/environment/HelloWorld/robot_ws/build/hello_world_robot --target install -- -j2 -l2
[3.425s] Level 1:colcon.colcon_core.shell:create_environment_hook('hello_world_robot', 'ros_package_path')
[3.440s] INFO:colcon.colcon_core.shell:Creating environment hook '/home/ubuntu/environment/HelloWorld/robot_ws/install/hello_world_robot/share/hello_world_robot/hook/ros_package_path.ps1'
[3.440s] INFO:colcon.colcon_core.shell:Creating environment descriptor '/home/ubuntu/environment/HelloWorld/robot_ws/install/hello_world_robot/share/hello_world_robot/hook/ros_package_path.dsv'
[3.441s] INFO:colcon.colcon_core.shell:Creating environment hook '/home/ubuntu/environment/HelloWorld/robot_ws/install/hello_world_robot/share/hello_world_robot/hook/ros_package_path.sh'
[3.442s] Level 1:colcon.colcon_ros.task.catkin:checking '/home/ubuntu/environment/HelloWorld/robot_ws/install/hello_world_robot/lib/python2.7/dist-packages'
[3.442s] Level 1:colcon.colcon_core.shell:create_environment_hook('hello_world_robot', 'catkin_pythonpath')
[3.455s] INFO:colcon.colcon_core.shell:Creating environment hook '/home/ubuntu/environment/HelloWorld/robot_ws/install/hello_world_robot/share/hello_world_robot/hook/catkin_pythonpath.ps1'
[3.456s] INFO:colcon.colcon_core.shell:Creating environment descriptor '/home/ubuntu/environment/HelloWorld/robot_ws/install/hello_world_robot/share/hello_world_robot/hook/catkin_pythonpath.dsv'
[3.456s] INFO:colcon.colcon_core.shell:Creating environment hook '/home/ubuntu/environment/HelloWorld/robot_ws/install/hello_world_robot/share/hello_world_robot/hook/catkin_pythonpath.sh'
[3.456s] Level 1:colcon.colcon_core.shell:create_environment_hook('hello_world_robot', 'pkg_config_path')
[3.470s] INFO:colcon.colcon_core.shell:Creating environment hook '/home/ubuntu/environment/HelloWorld/robot_ws/install/hello_world_robot/share/hello_world_robot/hook/pkg_config_path.ps1'
[3.470s] INFO:colcon.colcon_core.shell:Creating environment descriptor '/home/ubuntu/environment/HelloWorld/robot_ws/install/hello_world_robot/share/hello_world_robot/hook/pkg_config_path.dsv'
[3.471s] INFO:colcon.colcon_core.shell:Creating environment hook '/home/ubuntu/environment/HelloWorld/robot_ws/install/hello_world_robot/share/hello_world_robot/hook/pkg_config_path.sh'
[3.471s] Level 1:colcon.colcon_core.shell:create_environment_hook('hello_world_robot', 'pkg_config_path_multiarch')
[3.484s] INFO:colcon.colcon_core.shell:Creating environment hook '/home/ubuntu/environment/HelloWorld/robot_ws/install/hello_world_robot/share/hello_world_robot/hook/pkg_config_path_multiarch.ps1'
[3.485s] INFO:colcon.colcon_core.shell:Creating environment descriptor '/home/ubuntu/environment/HelloWorld/robot_ws/install/hello_world_robot/share/hello_world_robot/hook/pkg_config_path_multiarch.dsv'
[3.485s] INFO:colcon.colcon_core.shell:Creating environment hook '/home/ubuntu/environment/HelloWorld/robot_ws/install/hello_world_robot/share/hello_world_robot/hook/pkg_config_path_multiarch.sh'
[3.499s] Level 1:colcon.colcon_core.environment:create_environment_scripts_only(hello_world_robot)
[3.513s] Level 1:colcon.colcon_core.environment:checking '/home/ubuntu/environment/HelloWorld/robot_ws/install/hello_world_robot' for CMake module files
[3.514s] Level 1:colcon.colcon_core.environment:checking '/home/ubuntu/environment/HelloWorld/robot_ws/install/hello_world_robot' for CMake config files
[3.514s] Level 1:colcon.colcon_core.shell:create_environment_hook('hello_world_robot', 'cmake_prefix_path')
[3.527s] INFO:colcon.colcon_core.shell:Creating environment hook '/home/ubuntu/environment/HelloWorld/robot_ws/install/hello_world_robot/share/hello_world_robot/hook/cmake_prefix_path.ps1'
[3.528s] INFO:colcon.colcon_core.shell:Creating environment descriptor '/home/ubuntu/environment/HelloWorld/robot_ws/install/hello_world_robot/share/hello_world_robot/hook/cmake_prefix_path.dsv'
[3.529s] INFO:colcon.colcon_core.shell:Creating environment hook '/home/ubuntu/environment/HelloWorld/robot_ws/install/hello_world_robot/share/hello_world_robot/hook/cmake_prefix_path.sh'
[3.530s] Level 1:colcon.colcon_core.environment:checking '/home/ubuntu/environment/HelloWorld/robot_ws/install/hello_world_robot/lib'
[3.530s] Level 1:colcon.colcon_core.environment:checking '/home/ubuntu/environment/HelloWorld/robot_ws/install/hello_world_robot/bin'
[3.530s] Level 1:colcon.colcon_core.environment:checking '/home/ubuntu/environment/HelloWorld/robot_ws/install/hello_world_robot/lib/pkgconfig/hello_world_robot.pc'
[3.530s] Level 1:colcon.colcon_core.shell:create_environment_hook('hello_world_robot', 'pkg_config')
[3.544s] INFO:colcon.colcon_core.shell:Creating environment hook '/home/ubuntu/environment/HelloWorld/robot_ws/install/hello_world_robot/share/hello_world_robot/hook/pkg_config.ps1'
[3.544s] INFO:colcon.colcon_core.shell:Creating environment descriptor '/home/ubuntu/environment/HelloWorld/robot_ws/install/hello_world_robot/share/hello_world_robot/hook/pkg_config.dsv'
[3.545s] INFO:colcon.colcon_core.shell:Creating environment hook '/home/ubuntu/environment/HelloWorld/robot_ws/install/hello_world_robot/share/hello_world_robot/hook/pkg_config.sh'
[3.545s] Level 1:colcon.colcon_core.environment:checking '/home/ubuntu/environment/HelloWorld/robot_ws/install/hello_world_robot/lib/python3.6/site-packages'
[3.559s] INFO:colcon.colcon_core.shell:Creating package script '/home/ubuntu/environment/HelloWorld/robot_ws/install/hello_world_robot/share/hello_world_robot/package.ps1'
[3.560s] INFO:colcon.colcon_core.shell:Creating package descriptor '/home/ubuntu/environment/HelloWorld/robot_ws/install/hello_world_robot/share/hello_world_robot/package.dsv'
[3.560s] INFO:colcon.colcon_core.shell:Creating package script '/home/ubuntu/environment/HelloWorld/robot_ws/install/hello_world_robot/share/hello_world_robot/package.sh'
[3.561s] INFO:colcon.colcon_core.shell:Creating package script '/home/ubuntu/environment/HelloWorld/robot_ws/install/hello_world_robot/share/hello_world_robot/package.bash'
[3.562s] INFO:colcon.colcon_core.shell:Creating package script '/home/ubuntu/environment/HelloWorld/robot_ws/install/hello_world_robot/share/hello_world_robot/package.zsh'
[3.562s] Level 1:colcon.colcon_core.environment:create_file_with_runtime_dependencies(/home/ubuntu/environment/HelloWorld/robot_ws/install/hello_world_robot/share/colcon-core/packages/hello_world_robot)
[3.563s] DEBUG:colcon.colcon_parallel_executor.executor.parallel:closing loop
[3.564s] DEBUG:colcon.colcon_parallel_executor.executor.parallel:loop closed
[3.564s] DEBUG:colcon.colcon_parallel_executor.executor.parallel:run_until_complete finished with '0'
[3.564s] DEBUG:colcon.colcon_core.event_reactor:joining thread
[3.583s] INFO:colcon.colcon_core.plugin_system:Skipping extension 'colcon_notification.desktop_notification.notify_send': Could not find 'notify-send'
[3.583s] INFO:colcon.colcon_core.plugin_system:Skipping extension 'colcon_notification.desktop_notification.terminal_notifier': Not used on non-Darwin systems
[3.584s] INFO:colcon.colcon_core.plugin_system:Skipping extension 'colcon_notification.desktop_notification.win32': Not used on non-Windows systems
[3.584s] INFO:colcon.colcon_notification.desktop_notification:Sending desktop notification using 'notify2'
[3.584s] DEBUG:colcon.colcon_notification.desktop_notification.notify2:Failed to initialize notify2: org.freedesktop.DBus.Error.NotSupported: Unable to autolaunch a dbus-daemon without a $DISPLAY for X11
[3.584s] DEBUG:colcon.colcon_core.event_reactor:joined thread
[3.598s] INFO:colcon.colcon_core.shell:Creating prefix script '/home/ubuntu/environment/HelloWorld/robot_ws/install/local_setup.ps1'
[3.599s] INFO:colcon.colcon_core.shell:Creating prefix util module '/home/ubuntu/environment/HelloWorld/robot_ws/install/_local_setup_util_ps1.py'
[3.601s] INFO:colcon.colcon_core.shell:Creating prefix chain script '/home/ubuntu/environment/HelloWorld/robot_ws/install/setup.ps1'
[3.611s] INFO:colcon.colcon_core.shell:Creating prefix script '/home/ubuntu/environment/HelloWorld/robot_ws/install/local_setup.sh'
[3.612s] INFO:colcon.colcon_core.shell:Creating prefix util module '/home/ubuntu/environment/HelloWorld/robot_ws/install/_local_setup_util_sh.py'
[3.612s] INFO:colcon.colcon_core.shell:Creating prefix chain script '/home/ubuntu/environment/HelloWorld/robot_ws/install/setup.sh'
[3.623s] INFO:colcon.colcon_core.shell:Creating prefix script '/home/ubuntu/environment/HelloWorld/robot_ws/install/local_setup.bash'
[3.624s] INFO:colcon.colcon_core.shell:Creating prefix chain script '/home/ubuntu/environment/HelloWorld/robot_ws/install/setup.bash'
[3.634s] INFO:colcon.colcon_core.shell:Creating prefix script '/home/ubuntu/environment/HelloWorld/robot_ws/install/local_setup.zsh'
[3.635s] INFO:colcon.colcon_core.shell:Creating prefix chain script '/home/ubuntu/environment/HelloWorld/robot_ws/install/setup.zsh'
